[16:53:52.693] Global cache location '/home/lucas/.cache/typescript/4.6', safe file path '/home/lucas/.emacs.d/.cache/lsp/npm/typescript/lib/node_modules/typescript/lib/typingSafeList.json', types map path /home/lucas/.emacs.d/.cache/lsp/npm/typescript/lib/node_modules/typescript/lib/typesMap.json
[16:53:52.694] Processing cache location '/home/lucas/.cache/typescript/4.6'
[16:53:52.694] Trying to find '/home/lucas/.cache/typescript/4.6/package.json'...
[16:53:52.695] Loaded content of '/home/lucas/.cache/typescript/4.6/package.json': {"private":true,"dependencies":{"types-registry":"^0.1.584"},"devDependencies":{"@types/basic-auth":"^1.1.3","@types/bcrypt":"^5.0.0","@types/body-parser":"^1.19.2","@types/connect":"^3.4.35","@types/connect-mongodb-session":"^2.4.2","@types/cookie":"^0.4.1","@types/cookie-session":"^2.0.44","@types/cookie-signature":"^1.0.4","@types/debug":"^4.1.7","@types/depd":"^1.1.32","@types/ee-first":"^1.1.0","@types/express":"^4.17.13","@types/express-session":"^1.17.4","@types/hashmap":"^2.3.1","@types/lodash.camelcase":"^4.3.6","@types/lodash.snakecase":"^4.1.6","@types/merge-descriptors":"^1.0.1","@types/morgan":"^1.9.3","@types/node":"^17.0.21","@types/on-finished":"^2.3.1","@types/on-headers":"^1.0.0","@types/parseurl":"^1.3.1","@types/random-bytes":"^1.0.1","@types/read":"^0.0.29","@types/serve-static":"^1.13.10","@types/uid-safe":"^2.1.2","@types/uuid":"^8.3.4"}}
[16:53:52.695] Loaded content of '/home/lucas/.cache/typescript/4.6/package-lock.json'
[16:53:52.704] Adding entry into typings cache: 'basic-auth' => '/home/lucas/.cache/typescript/4.6/node_modules/@types/basic-auth/index.d.ts'
[16:53:52.705] Adding entry into typings cache: 'bcrypt' => '/home/lucas/.cache/typescript/4.6/node_modules/@types/bcrypt/index.d.ts'
[16:53:52.706] Adding entry into typings cache: 'body-parser' => '/home/lucas/.cache/typescript/4.6/node_modules/@types/body-parser/index.d.ts'
[16:53:52.707] Adding entry into typings cache: 'connect' => '/home/lucas/.cache/typescript/4.6/node_modules/@types/connect/index.d.ts'
[16:53:52.708] Adding entry into typings cache: 'connect-mongodb-session' => '/home/lucas/.cache/typescript/4.6/node_modules/@types/connect-mongodb-session/index.d.ts'
[16:53:52.709] Adding entry into typings cache: 'cookie' => '/home/lucas/.cache/typescript/4.6/node_modules/@types/cookie/index.d.ts'
[16:53:52.710] Adding entry into typings cache: 'cookie-session' => '/home/lucas/.cache/typescript/4.6/node_modules/@types/cookie-session/index.d.ts'
[16:53:52.710] Adding entry into typings cache: 'cookie-signature' => '/home/lucas/.cache/typescript/4.6/node_modules/@types/cookie-signature/index.d.ts'
[16:53:52.712] Adding entry into typings cache: 'debug' => '/home/lucas/.cache/typescript/4.6/node_modules/@types/debug/index.d.ts'
[16:53:52.713] Adding entry into typings cache: 'depd' => '/home/lucas/.cache/typescript/4.6/node_modules/@types/depd/index.d.ts'
[16:53:52.714] Adding entry into typings cache: 'ee-first' => '/home/lucas/.cache/typescript/4.6/node_modules/@types/ee-first/index.d.ts'
[16:53:52.715] Adding entry into typings cache: 'express' => '/home/lucas/.cache/typescript/4.6/node_modules/@types/express/index.d.ts'
[16:53:52.716] Adding entry into typings cache: 'express-session' => '/home/lucas/.cache/typescript/4.6/node_modules/@types/express-session/index.d.ts'
[16:53:52.716] Adding entry into typings cache: 'hashmap' => '/home/lucas/.cache/typescript/4.6/node_modules/@types/hashmap/index.d.ts'
[16:53:52.717] Adding entry into typings cache: 'lodash.camelcase' => '/home/lucas/.cache/typescript/4.6/node_modules/@types/lodash.camelcase/index.d.ts'
[16:53:52.718] Adding entry into typings cache: 'lodash.snakecase' => '/home/lucas/.cache/typescript/4.6/node_modules/@types/lodash.snakecase/index.d.ts'
[16:53:52.718] Adding entry into typings cache: 'merge-descriptors' => '/home/lucas/.cache/typescript/4.6/node_modules/@types/merge-descriptors/index.d.ts'
[16:53:52.719] Adding entry into typings cache: 'morgan' => '/home/lucas/.cache/typescript/4.6/node_modules/@types/morgan/index.d.ts'
[16:53:52.721] Adding entry into typings cache: 'node' => '/home/lucas/.cache/typescript/4.6/node_modules/@types/node/index.d.ts'
[16:53:52.722] Adding entry into typings cache: 'on-finished' => '/home/lucas/.cache/typescript/4.6/node_modules/@types/on-finished/index.d.ts'
[16:53:52.723] Adding entry into typings cache: 'on-headers' => '/home/lucas/.cache/typescript/4.6/node_modules/@types/on-headers/index.d.ts'
[16:53:52.723] Adding entry into typings cache: 'parseurl' => '/home/lucas/.cache/typescript/4.6/node_modules/@types/parseurl/index.d.ts'
[16:53:52.724] Adding entry into typings cache: 'random-bytes' => '/home/lucas/.cache/typescript/4.6/node_modules/@types/random-bytes/index.d.ts'
[16:53:52.724] Adding entry into typings cache: 'read' => '/home/lucas/.cache/typescript/4.6/node_modules/@types/read/index.d.ts'
[16:53:52.725] Adding entry into typings cache: 'serve-static' => '/home/lucas/.cache/typescript/4.6/node_modules/@types/serve-static/index.d.ts'
[16:53:52.725] Adding entry into typings cache: 'uid-safe' => '/home/lucas/.cache/typescript/4.6/node_modules/@types/uid-safe/index.d.ts'
[16:53:52.726] Adding entry into typings cache: 'uuid' => '/home/lucas/.cache/typescript/4.6/node_modules/@types/uuid/index.d.ts'
[16:53:52.726] Finished processing cache location '/home/lucas/.cache/typescript/4.6'
[16:53:52.726] Process id: 14913
[16:53:52.726] NPM location: /usr/bin/npm (explicit '--npmLocation' not  provided)
[16:53:52.726] validateDefaultNpmLocation: false
[16:53:52.726] Npm config file: /home/lucas/.cache/typescript/4.6/package.json
[16:53:52.726] Updating types-registry npm package...
[16:53:52.726] Exec: /usr/bin/npm install --ignore-scripts types-registry@latest
[16:53:53.921]     Succeeded. stdout:
    
    up to date, audited 42 packages in 1s

3 packages are looking for funding
  run `npm fund` for details

found 0 vulnerabilities

[16:53:53.921] Updated types-registry npm package
[16:53:54.042] Got install request {"projectName":"/dev/null/inferredProject1*","fileNames":["/home/lucas/.emacs.d/.cache/lsp/npm/typescript/lib/node_modules/typescript/lib/lib.es5.d.ts","/home/lucas/.emacs.d/.cache/lsp/npm/typescript/lib/node_modules/typescript/lib/lib.es2015.d.ts","/home/lucas/.emacs.d/.cache/lsp/npm/typescript/lib/node_modules/typescript/lib/lib.es2016.d.ts","/home/lucas/.emacs.d/.cache/lsp/npm/typescript/lib/node_modules/typescript/lib/lib.dom.d.ts","/home/lucas/.emacs.d/.cache/lsp/npm/typescript/lib/node_modules/typescript/lib/lib.dom.iterable.d.ts","/home/lucas/.emacs.d/.cache/lsp/npm/typescript/lib/node_modules/typescript/lib/lib.webworker.importscripts.d.ts","/home/lucas/.emacs.d/.cache/lsp/npm/typescript/lib/node_modules/typescript/lib/lib.scripthost.d.ts","/home/lucas/.emacs.d/.cache/lsp/npm/typescript/lib/node_modules/typescript/lib/lib.es2015.core.d.ts","/home/lucas/.emacs.d/.cache/lsp/npm/typescript/lib/node_modules/typescript/lib/lib.es2015.collection.d.ts","/home/lucas/.emacs.d/.cache/lsp/npm/typescript/lib/node_modules/typescript/lib/lib.es2015.generator.d.ts","/home/lucas/.emacs.d/.cache/lsp/npm/typescript/lib/node_modules/typescript/lib/lib.es2015.iterable.d.ts","/home/lucas/.emacs.d/.cache/lsp/npm/typescript/lib/node_modules/typescript/lib/lib.es2015.promise.d.ts","/home/lucas/.emacs.d/.cache/lsp/npm/typescript/lib/node_modules/typescript/lib/lib.es2015.proxy.d.ts","/home/lucas/.emacs.d/.cache/lsp/npm/typescript/lib/node_modules/typescript/lib/lib.es2015.reflect.d.ts","/home/lucas/.emacs.d/.cache/lsp/npm/typescript/lib/node_modules/typescript/lib/lib.es2015.symbol.d.ts","/home/lucas/.emacs.d/.cache/lsp/npm/typescript/lib/node_modules/typescript/lib/lib.es2015.symbol.wellknown.d.ts","/home/lucas/.emacs.d/.cache/lsp/npm/typescript/lib/node_modules/typescript/lib/lib.es2016.array.include.d.ts","/home/lucas/.emacs.d/.cache/lsp/npm/typescript/lib/node_modules/typescript/lib/lib.es2016.full.d.ts","/home/lucas/Documentos/proyectos/portfolio/simple-todo/src/views/login/login.js"],"compilerOptions":{"module":1,"target":3,"jsx":1,"allowJs":true,"allowSyntheticDefaultImports":true,"allowNonTsExtensions":true,"noEmitForJsFiles":true,"maxNodeModuleJsDepth":2},"typeAcquisition":{"enable":true,"include":[],"exclude":[]},"unresolvedImports":[],"projectRootPath":"/home/lucas/Documentos/proyectos/portfolio/simple-todo/src/views/login","kind":"discover"}
[16:53:54.052] Loaded safelist from types map file '/home/lucas/.emacs.d/.cache/lsp/npm/typescript/lib/node_modules/typescript/lib/typesMap.json'
[16:53:54.053] Explicitly included types: []
[16:53:54.053] Inferred typings from unresolved imports: []
[16:53:54.054] Result: {"cachedTypingPaths":[],"newTypingNames":[],"filesToWatch":["/home/lucas/Documentos/proyectos/portfolio/simple-todo/src/views/login/bower_components","/home/lucas/Documentos/proyectos/portfolio/simple-todo/src/views/login/node_modules"]}
[16:53:54.054] Finished typings discovery: {"cachedTypingPaths":[],"newTypingNames":[],"filesToWatch":["/home/lucas/Documentos/proyectos/portfolio/simple-todo/src/views/login/bower_components","/home/lucas/Documentos/proyectos/portfolio/simple-todo/src/views/login/node_modules"]}
[16:53:54.054] DirectoryWatcher:: Added:: WatchInfo: /home/lucas/Documentos/proyectos/portfolio/simple-todo/src/views/login/bower_components
[16:53:54.054] DirectoryWatcher:: Added:: WatchInfo: /home/lucas/Documentos/proyectos/portfolio/simple-todo/src/views/login/bower_components 1 undefined Project: /dev/null/inferredProject1* watcher already invoked: false
[16:53:54.055] Elapsed:: 0.9926829999312758ms DirectoryWatcher:: Added:: WatchInfo: /home/lucas/Documentos/proyectos/portfolio/simple-todo/src/views/login/bower_components 1 undefined Project: /dev/null/inferredProject1* watcher already invoked: false
[16:53:54.055] DirectoryWatcher:: Added:: WatchInfo: /home/lucas/Documentos/proyectos/portfolio/simple-todo/src/views/login/node_modules
[16:53:54.055] DirectoryWatcher:: Added:: WatchInfo: /home/lucas/Documentos/proyectos/portfolio/simple-todo/src/views/login/node_modules 1 undefined Project: /dev/null/inferredProject1* watcher already invoked: false
[16:53:54.056] Elapsed:: 0.06630999967455864ms DirectoryWatcher:: Added:: WatchInfo: /home/lucas/Documentos/proyectos/portfolio/simple-todo/src/views/login/node_modules 1 undefined Project: /dev/null/inferredProject1* watcher already invoked: false
[16:53:54.056] Sending response:
    {"projectName":"/dev/null/inferredProject1*","typeAcquisition":{"enable":true,"include":[],"exclude":[]},"compilerOptions":{"module":1,"target":3,"jsx":1,"allowJs":true,"allowSyntheticDefaultImports":true,"allowNonTsExtensions":true,"noEmitForJsFiles":true,"maxNodeModuleJsDepth":2},"typings":[],"unresolvedImports":[],"kind":"action::set"}
[16:53:54.056] Response has been sent.
[16:53:54.056] No new typings were requested as a result of typings discovery
[16:55:13.116] Got install request {"projectName":"/dev/null/inferredProject1*","fileNames":["/home/lucas/.emacs.d/.cache/lsp/npm/typescript/lib/node_modules/typescript/lib/lib.es5.d.ts","/home/lucas/.emacs.d/.cache/lsp/npm/typescript/lib/node_modules/typescript/lib/lib.es2015.d.ts","/home/lucas/.emacs.d/.cache/lsp/npm/typescript/lib/node_modules/typescript/lib/lib.es2016.d.ts","/home/lucas/.emacs.d/.cache/lsp/npm/typescript/lib/node_modules/typescript/lib/lib.dom.d.ts","/home/lucas/.emacs.d/.cache/lsp/npm/typescript/lib/node_modules/typescript/lib/lib.dom.iterable.d.ts","/home/lucas/.emacs.d/.cache/lsp/npm/typescript/lib/node_modules/typescript/lib/lib.webworker.importscripts.d.ts","/home/lucas/.emacs.d/.cache/lsp/npm/typescript/lib/node_modules/typescript/lib/lib.scripthost.d.ts","/home/lucas/.emacs.d/.cache/lsp/npm/typescript/lib/node_modules/typescript/lib/lib.es2015.core.d.ts","/home/lucas/.emacs.d/.cache/lsp/npm/typescript/lib/node_modules/typescript/lib/lib.es2015.collection.d.ts","/home/lucas/.emacs.d/.cache/lsp/npm/typescript/lib/node_modules/typescript/lib/lib.es2015.generator.d.ts","/home/lucas/.emacs.d/.cache/lsp/npm/typescript/lib/node_modules/typescript/lib/lib.es2015.iterable.d.ts","/home/lucas/.emacs.d/.cache/lsp/npm/typescript/lib/node_modules/typescript/lib/lib.es2015.promise.d.ts","/home/lucas/.emacs.d/.cache/lsp/npm/typescript/lib/node_modules/typescript/lib/lib.es2015.proxy.d.ts","/home/lucas/.emacs.d/.cache/lsp/npm/typescript/lib/node_modules/typescript/lib/lib.es2015.reflect.d.ts","/home/lucas/.emacs.d/.cache/lsp/npm/typescript/lib/node_modules/typescript/lib/lib.es2015.symbol.d.ts","/home/lucas/.emacs.d/.cache/lsp/npm/typescript/lib/node_modules/typescript/lib/lib.es2015.symbol.wellknown.d.ts","/home/lucas/.emacs.d/.cache/lsp/npm/typescript/lib/node_modules/typescript/lib/lib.es2016.array.include.d.ts","/home/lucas/.emacs.d/.cache/lsp/npm/typescript/lib/node_modules/typescript/lib/lib.es2016.full.d.ts","/home/lucas/Documentos/proyectos/portfolio/simple-todo/src/views/login/login.js"],"compilerOptions":{"module":1,"target":3,"jsx":1,"allowJs":true,"allowSyntheticDefaultImports":true,"allowNonTsExtensions":true,"noEmitForJsFiles":true,"maxNodeModuleJsDepth":2},"typeAcquisition":{"enable":true,"include":[],"exclude":[]},"unresolvedImports":[],"projectRootPath":"/home/lucas/Documentos/proyectos/portfolio/simple-todo/src/views/login","kind":"discover"}
[16:55:13.117] Explicitly included types: []
[16:55:13.117] Inferred typings from unresolved imports: []
[16:55:13.118] Result: {"cachedTypingPaths":[],"newTypingNames":[],"filesToWatch":["/home/lucas/Documentos/proyectos/portfolio/simple-todo/src/views/login/bower_components","/home/lucas/Documentos/proyectos/portfolio/simple-todo/src/views/login/node_modules"]}
[16:55:13.118] Finished typings discovery: {"cachedTypingPaths":[],"newTypingNames":[],"filesToWatch":["/home/lucas/Documentos/proyectos/portfolio/simple-todo/src/views/login/bower_components","/home/lucas/Documentos/proyectos/portfolio/simple-todo/src/views/login/node_modules"]}
[16:55:13.118] Sending response:
    {"projectName":"/dev/null/inferredProject1*","typeAcquisition":{"enable":true,"include":[],"exclude":[]},"compilerOptions":{"module":1,"target":3,"jsx":1,"allowJs":true,"allowSyntheticDefaultImports":true,"allowNonTsExtensions":true,"noEmitForJsFiles":true,"maxNodeModuleJsDepth":2},"typings":[],"unresolvedImports":[],"kind":"action::set"}
[16:55:13.119] Response has been sent.
[16:55:13.119] No new typings were requested as a result of typings discovery
[16:55:54.284] Got install request {"projectName":"/dev/null/inferredProject2*","fileNames":["/home/lucas/.emacs.d/.cache/lsp/npm/typescript/lib/node_modules/typescript/lib/lib.es5.d.ts","/home/lucas/.emacs.d/.cache/lsp/npm/typescript/lib/node_modules/typescript/lib/lib.es2015.d.ts","/home/lucas/.emacs.d/.cache/lsp/npm/typescript/lib/node_modules/typescript/lib/lib.es2016.d.ts","/home/lucas/.emacs.d/.cache/lsp/npm/typescript/lib/node_modules/typescript/lib/lib.dom.d.ts","/home/lucas/.emacs.d/.cache/lsp/npm/typescript/lib/node_modules/typescript/lib/lib.dom.iterable.d.ts","/home/lucas/.emacs.d/.cache/lsp/npm/typescript/lib/node_modules/typescript/lib/lib.webworker.importscripts.d.ts","/home/lucas/.emacs.d/.cache/lsp/npm/typescript/lib/node_modules/typescript/lib/lib.scripthost.d.ts","/home/lucas/.emacs.d/.cache/lsp/npm/typescript/lib/node_modules/typescript/lib/lib.es2015.core.d.ts","/home/lucas/.emacs.d/.cache/lsp/npm/typescript/lib/node_modules/typescript/lib/lib.es2015.collection.d.ts","/home/lucas/.emacs.d/.cache/lsp/npm/typescript/lib/node_modules/typescript/lib/lib.es2015.generator.d.ts","/home/lucas/.emacs.d/.cache/lsp/npm/typescript/lib/node_modules/typescript/lib/lib.es2015.iterable.d.ts","/home/lucas/.emacs.d/.cache/lsp/npm/typescript/lib/node_modules/typescript/lib/lib.es2015.promise.d.ts","/home/lucas/.emacs.d/.cache/lsp/npm/typescript/lib/node_modules/typescript/lib/lib.es2015.proxy.d.ts","/home/lucas/.emacs.d/.cache/lsp/npm/typescript/lib/node_modules/typescript/lib/lib.es2015.reflect.d.ts","/home/lucas/.emacs.d/.cache/lsp/npm/typescript/lib/node_modules/typescript/lib/lib.es2015.symbol.d.ts","/home/lucas/.emacs.d/.cache/lsp/npm/typescript/lib/node_modules/typescript/lib/lib.es2015.symbol.wellknown.d.ts","/home/lucas/.emacs.d/.cache/lsp/npm/typescript/lib/node_modules/typescript/lib/lib.es2016.array.include.d.ts","/home/lucas/.emacs.d/.cache/lsp/npm/typescript/lib/node_modules/typescript/lib/lib.es2016.full.d.ts","/home/lucas/Documentos/proyectos/portfolio/simple-todo/src/App.js","/home/lucas/Documentos/proyectos/portfolio/simple-todo/src/views/login/login.js","/home/lucas/Documentos/proyectos/portfolio/simple-todo/src/reportWebVitals.js","/home/lucas/Documentos/proyectos/portfolio/simple-todo/src/index.js"],"compilerOptions":{"module":1,"target":3,"jsx":1,"allowJs":true,"allowSyntheticDefaultImports":true,"allowNonTsExtensions":true,"noEmitForJsFiles":true,"maxNodeModuleJsDepth":2},"typeAcquisition":{"enable":true,"include":[],"exclude":[]},"unresolvedImports":[],"projectRootPath":"/home/lucas/Documentos/proyectos/portfolio/simple-todo/src","kind":"discover"}
[16:55:54.285] Explicitly included types: []
[16:55:54.285] Inferred typings from unresolved imports: []
[16:55:54.285] Result: {"cachedTypingPaths":[],"newTypingNames":[],"filesToWatch":["/home/lucas/Documentos/proyectos/portfolio/simple-todo/src/bower_components","/home/lucas/Documentos/proyectos/portfolio/simple-todo/src/node_modules","/home/lucas/Documentos/proyectos/portfolio/simple-todo/src/views/login/bower_components","/home/lucas/Documentos/proyectos/portfolio/simple-todo/src/views/login/node_modules"]}
[16:55:54.285] Finished typings discovery: {"cachedTypingPaths":[],"newTypingNames":[],"filesToWatch":["/home/lucas/Documentos/proyectos/portfolio/simple-todo/src/bower_components","/home/lucas/Documentos/proyectos/portfolio/simple-todo/src/node_modules","/home/lucas/Documentos/proyectos/portfolio/simple-todo/src/views/login/bower_components","/home/lucas/Documentos/proyectos/portfolio/simple-todo/src/views/login/node_modules"]}
[16:55:54.286] DirectoryWatcher:: Added:: WatchInfo: /home/lucas/Documentos/proyectos/portfolio/simple-todo/src/bower_components
[16:55:54.286] DirectoryWatcher:: Added:: WatchInfo: /home/lucas/Documentos/proyectos/portfolio/simple-todo/src/bower_components 1 undefined Project: /dev/null/inferredProject2* watcher already invoked: false
[16:55:54.286] Elapsed:: 0.3866320000961423ms DirectoryWatcher:: Added:: WatchInfo: /home/lucas/Documentos/proyectos/portfolio/simple-todo/src/bower_components 1 undefined Project: /dev/null/inferredProject2* watcher already invoked: false
[16:55:54.286] DirectoryWatcher:: Added:: WatchInfo: /home/lucas/Documentos/proyectos/portfolio/simple-todo/src/node_modules
[16:55:54.286] DirectoryWatcher:: Added:: WatchInfo: /home/lucas/Documentos/proyectos/portfolio/simple-todo/src/node_modules 1 undefined Project: /dev/null/inferredProject2* watcher already invoked: false
[16:55:54.287] Elapsed:: 0.28575600031763315ms DirectoryWatcher:: Added:: WatchInfo: /home/lucas/Documentos/proyectos/portfolio/simple-todo/src/node_modules 1 undefined Project: /dev/null/inferredProject2* watcher already invoked: false
[16:55:54.287] DirectoryWatcher:: Added:: WatchInfo: /home/lucas/Documentos/proyectos/portfolio/simple-todo/src/views
[16:55:54.287] DirectoryWatcher:: Added:: WatchInfo: /home/lucas/Documentos/proyectos/portfolio/simple-todo/src/views 1 undefined Project: /dev/null/inferredProject2* watcher already invoked: false
[16:55:54.291] Elapsed:: 3.6854130001738667ms DirectoryWatcher:: Added:: WatchInfo: /home/lucas/Documentos/proyectos/portfolio/simple-todo/src/views 1 undefined Project: /dev/null/inferredProject2* watcher already invoked: false
[16:55:54.291] Sending response:
    {"projectName":"/dev/null/inferredProject2*","typeAcquisition":{"enable":true,"include":[],"exclude":[]},"compilerOptions":{"module":1,"target":3,"jsx":1,"allowJs":true,"allowSyntheticDefaultImports":true,"allowNonTsExtensions":true,"noEmitForJsFiles":true,"maxNodeModuleJsDepth":2},"typings":[],"unresolvedImports":[],"kind":"action::set"}
[16:55:54.292] Response has been sent.
[16:55:54.292] No new typings were requested as a result of typings discovery
[16:55:59.479] Got install request {"projectName":"/dev/null/inferredProject3*","fileNames":["/home/lucas/.emacs.d/.cache/lsp/npm/typescript/lib/node_modules/typescript/lib/lib.es5.d.ts","/home/lucas/.emacs.d/.cache/lsp/npm/typescript/lib/node_modules/typescript/lib/lib.es2015.d.ts","/home/lucas/.emacs.d/.cache/lsp/npm/typescript/lib/node_modules/typescript/lib/lib.es2016.d.ts","/home/lucas/.emacs.d/.cache/lsp/npm/typescript/lib/node_modules/typescript/lib/lib.dom.d.ts","/home/lucas/.emacs.d/.cache/lsp/npm/typescript/lib/node_modules/typescript/lib/lib.dom.iterable.d.ts","/home/lucas/.emacs.d/.cache/lsp/npm/typescript/lib/node_modules/typescript/lib/lib.webworker.importscripts.d.ts","/home/lucas/.emacs.d/.cache/lsp/npm/typescript/lib/node_modules/typescript/lib/lib.scripthost.d.ts","/home/lucas/.emacs.d/.cache/lsp/npm/typescript/lib/node_modules/typescript/lib/lib.es2015.core.d.ts","/home/lucas/.emacs.d/.cache/lsp/npm/typescript/lib/node_modules/typescript/lib/lib.es2015.collection.d.ts","/home/lucas/.emacs.d/.cache/lsp/npm/typescript/lib/node_modules/typescript/lib/lib.es2015.generator.d.ts","/home/lucas/.emacs.d/.cache/lsp/npm/typescript/lib/node_modules/typescript/lib/lib.es2015.iterable.d.ts","/home/lucas/.emacs.d/.cache/lsp/npm/typescript/lib/node_modules/typescript/lib/lib.es2015.promise.d.ts","/home/lucas/.emacs.d/.cache/lsp/npm/typescript/lib/node_modules/typescript/lib/lib.es2015.proxy.d.ts","/home/lucas/.emacs.d/.cache/lsp/npm/typescript/lib/node_modules/typescript/lib/lib.es2015.reflect.d.ts","/home/lucas/.emacs.d/.cache/lsp/npm/typescript/lib/node_modules/typescript/lib/lib.es2015.symbol.d.ts","/home/lucas/.emacs.d/.cache/lsp/npm/typescript/lib/node_modules/typescript/lib/lib.es2015.symbol.wellknown.d.ts","/home/lucas/.emacs.d/.cache/lsp/npm/typescript/lib/node_modules/typescript/lib/lib.es2016.array.include.d.ts","/home/lucas/.emacs.d/.cache/lsp/npm/typescript/lib/node_modules/typescript/lib/lib.es2016.full.d.ts","/home/lucas/Documentos/proyectos/portfolio/simple-todo/src/views/login/login.js"],"compilerOptions":{"module":1,"target":3,"jsx":1,"allowJs":true,"allowSyntheticDefaultImports":true,"allowNonTsExtensions":true,"noEmitForJsFiles":true,"maxNodeModuleJsDepth":2},"typeAcquisition":{"enable":true,"include":[],"exclude":[]},"unresolvedImports":[],"projectRootPath":"/home/lucas/Documentos/proyectos/portfolio/simple-todo/src/views/login","kind":"discover"}
[16:55:59.479] Explicitly included types: []
[16:55:59.479] Inferred typings from unresolved imports: []
[16:55:59.479] Result: {"cachedTypingPaths":[],"newTypingNames":[],"filesToWatch":["/home/lucas/Documentos/proyectos/portfolio/simple-todo/src/views/login/bower_components","/home/lucas/Documentos/proyectos/portfolio/simple-todo/src/views/login/node_modules"]}
[16:55:59.479] Finished typings discovery: {"cachedTypingPaths":[],"newTypingNames":[],"filesToWatch":["/home/lucas/Documentos/proyectos/portfolio/simple-todo/src/views/login/bower_components","/home/lucas/Documentos/proyectos/portfolio/simple-todo/src/views/login/node_modules"]}
[16:55:59.479] DirectoryWatcher:: Added:: WatchInfo: /home/lucas/Documentos/proyectos/portfolio/simple-todo/src/views/login/bower_components
[16:55:59.479] DirectoryWatcher:: Added:: WatchInfo: /home/lucas/Documentos/proyectos/portfolio/simple-todo/src/views/login/bower_components 1 undefined Project: /dev/null/inferredProject3* watcher already invoked: false
[16:55:59.480] Elapsed:: 0.02080100029706955ms DirectoryWatcher:: Added:: WatchInfo: /home/lucas/Documentos/proyectos/portfolio/simple-todo/src/views/login/bower_components 1 undefined Project: /dev/null/inferredProject3* watcher already invoked: false
[16:55:59.480] DirectoryWatcher:: Added:: WatchInfo: /home/lucas/Documentos/proyectos/portfolio/simple-todo/src/views/login/node_modules
[16:55:59.480] DirectoryWatcher:: Added:: WatchInfo: /home/lucas/Documentos/proyectos/portfolio/simple-todo/src/views/login/node_modules 1 undefined Project: /dev/null/inferredProject3* watcher already invoked: false
[16:55:59.480] Elapsed:: 0.01573800016194582ms DirectoryWatcher:: Added:: WatchInfo: /home/lucas/Documentos/proyectos/portfolio/simple-todo/src/views/login/node_modules 1 undefined Project: /dev/null/inferredProject3* watcher already invoked: false
[16:55:59.480] Sending response:
    {"projectName":"/dev/null/inferredProject3*","typeAcquisition":{"enable":true,"include":[],"exclude":[]},"compilerOptions":{"module":1,"target":3,"jsx":1,"allowJs":true,"allowSyntheticDefaultImports":true,"allowNonTsExtensions":true,"noEmitForJsFiles":true,"maxNodeModuleJsDepth":2},"typings":[],"unresolvedImports":[],"kind":"action::set"}
[16:55:59.480] Response has been sent.
[16:55:59.480] No new typings were requested as a result of typings discovery
[16:57:27.792] Got install request {"projectName":"/dev/null/inferredProject2*","fileNames":["/home/lucas/.emacs.d/.cache/lsp/npm/typescript/lib/node_modules/typescript/lib/lib.es5.d.ts","/home/lucas/.emacs.d/.cache/lsp/npm/typescript/lib/node_modules/typescript/lib/lib.es2015.d.ts","/home/lucas/.emacs.d/.cache/lsp/npm/typescript/lib/node_modules/typescript/lib/lib.es2016.d.ts","/home/lucas/.emacs.d/.cache/lsp/npm/typescript/lib/node_modules/typescript/lib/lib.dom.d.ts","/home/lucas/.emacs.d/.cache/lsp/npm/typescript/lib/node_modules/typescript/lib/lib.dom.iterable.d.ts","/home/lucas/.emacs.d/.cache/lsp/npm/typescript/lib/node_modules/typescript/lib/lib.webworker.importscripts.d.ts","/home/lucas/.emacs.d/.cache/lsp/npm/typescript/lib/node_modules/typescript/lib/lib.scripthost.d.ts","/home/lucas/.emacs.d/.cache/lsp/npm/typescript/lib/node_modules/typescript/lib/lib.es2015.core.d.ts","/home/lucas/.emacs.d/.cache/lsp/npm/typescript/lib/node_modules/typescript/lib/lib.es2015.collection.d.ts","/home/lucas/.emacs.d/.cache/lsp/npm/typescript/lib/node_modules/typescript/lib/lib.es2015.generator.d.ts","/home/lucas/.emacs.d/.cache/lsp/npm/typescript/lib/node_modules/typescript/lib/lib.es2015.iterable.d.ts","/home/lucas/.emacs.d/.cache/lsp/npm/typescript/lib/node_modules/typescript/lib/lib.es2015.promise.d.ts","/home/lucas/.emacs.d/.cache/lsp/npm/typescript/lib/node_modules/typescript/lib/lib.es2015.proxy.d.ts","/home/lucas/.emacs.d/.cache/lsp/npm/typescript/lib/node_modules/typescript/lib/lib.es2015.reflect.d.ts","/home/lucas/.emacs.d/.cache/lsp/npm/typescript/lib/node_modules/typescript/lib/lib.es2015.symbol.d.ts","/home/lucas/.emacs.d/.cache/lsp/npm/typescript/lib/node_modules/typescript/lib/lib.es2015.symbol.wellknown.d.ts","/home/lucas/.emacs.d/.cache/lsp/npm/typescript/lib/node_modules/typescript/lib/lib.es2016.array.include.d.ts","/home/lucas/.emacs.d/.cache/lsp/npm/typescript/lib/node_modules/typescript/lib/lib.es2016.full.d.ts","/home/lucas/Documentos/proyectos/portfolio/simple-todo/src/App.js","/home/lucas/Documentos/proyectos/portfolio/simple-todo/src/views/login/login.js","/home/lucas/Documentos/proyectos/portfolio/simple-todo/src/reportWebVitals.js","/home/lucas/Documentos/proyectos/portfolio/simple-todo/src/index.js"],"compilerOptions":{"module":1,"target":3,"jsx":1,"allowJs":true,"allowSyntheticDefaultImports":true,"allowNonTsExtensions":true,"noEmitForJsFiles":true,"maxNodeModuleJsDepth":2},"typeAcquisition":{"enable":true,"include":[],"exclude":[]},"projectRootPath":"/home/lucas/Documentos/proyectos/portfolio/simple-todo/src","kind":"discover"}
[16:57:27.792] Explicitly included types: []
[16:57:27.793] Result: {"cachedTypingPaths":[],"newTypingNames":[],"filesToWatch":["/home/lucas/Documentos/proyectos/portfolio/simple-todo/src/bower_components","/home/lucas/Documentos/proyectos/portfolio/simple-todo/src/node_modules","/home/lucas/Documentos/proyectos/portfolio/simple-todo/src/views/login/bower_components","/home/lucas/Documentos/proyectos/portfolio/simple-todo/src/views/login/node_modules"]}
[16:57:27.793] Finished typings discovery: {"cachedTypingPaths":[],"newTypingNames":[],"filesToWatch":["/home/lucas/Documentos/proyectos/portfolio/simple-todo/src/bower_components","/home/lucas/Documentos/proyectos/portfolio/simple-todo/src/node_modules","/home/lucas/Documentos/proyectos/portfolio/simple-todo/src/views/login/bower_components","/home/lucas/Documentos/proyectos/portfolio/simple-todo/src/views/login/node_modules"]}
[16:57:27.793] Sending response:
    {"projectName":"/dev/null/inferredProject2*","typeAcquisition":{"enable":true,"include":[],"exclude":[]},"compilerOptions":{"module":1,"target":3,"jsx":1,"allowJs":true,"allowSyntheticDefaultImports":true,"allowNonTsExtensions":true,"noEmitForJsFiles":true,"maxNodeModuleJsDepth":2},"typings":[],"kind":"action::set"}
[16:57:27.793] Response has been sent.
[16:57:27.793] No new typings were requested as a result of typings discovery
[16:57:46.642] Got install request {"projectName":"/dev/null/inferredProject2*","fileNames":["/home/lucas/.emacs.d/.cache/lsp/npm/typescript/lib/node_modules/typescript/lib/lib.es5.d.ts","/home/lucas/.emacs.d/.cache/lsp/npm/typescript/lib/node_modules/typescript/lib/lib.es2015.d.ts","/home/lucas/.emacs.d/.cache/lsp/npm/typescript/lib/node_modules/typescript/lib/lib.es2016.d.ts","/home/lucas/.emacs.d/.cache/lsp/npm/typescript/lib/node_modules/typescript/lib/lib.dom.d.ts","/home/lucas/.emacs.d/.cache/lsp/npm/typescript/lib/node_modules/typescript/lib/lib.dom.iterable.d.ts","/home/lucas/.emacs.d/.cache/lsp/npm/typescript/lib/node_modules/typescript/lib/lib.webworker.importscripts.d.ts","/home/lucas/.emacs.d/.cache/lsp/npm/typescript/lib/node_modules/typescript/lib/lib.scripthost.d.ts","/home/lucas/.emacs.d/.cache/lsp/npm/typescript/lib/node_modules/typescript/lib/lib.es2015.core.d.ts","/home/lucas/.emacs.d/.cache/lsp/npm/typescript/lib/node_modules/typescript/lib/lib.es2015.collection.d.ts","/home/lucas/.emacs.d/.cache/lsp/npm/typescript/lib/node_modules/typescript/lib/lib.es2015.generator.d.ts","/home/lucas/.emacs.d/.cache/lsp/npm/typescript/lib/node_modules/typescript/lib/lib.es2015.iterable.d.ts","/home/lucas/.emacs.d/.cache/lsp/npm/typescript/lib/node_modules/typescript/lib/lib.es2015.promise.d.ts","/home/lucas/.emacs.d/.cache/lsp/npm/typescript/lib/node_modules/typescript/lib/lib.es2015.proxy.d.ts","/home/lucas/.emacs.d/.cache/lsp/npm/typescript/lib/node_modules/typescript/lib/lib.es2015.reflect.d.ts","/home/lucas/.emacs.d/.cache/lsp/npm/typescript/lib/node_modules/typescript/lib/lib.es2015.symbol.d.ts","/home/lucas/.emacs.d/.cache/lsp/npm/typescript/lib/node_modules/typescript/lib/lib.es2015.symbol.wellknown.d.ts","/home/lucas/.emacs.d/.cache/lsp/npm/typescript/lib/node_modules/typescript/lib/lib.es2016.array.include.d.ts","/home/lucas/.emacs.d/.cache/lsp/npm/typescript/lib/node_modules/typescript/lib/lib.es2016.full.d.ts","/home/lucas/Documentos/proyectos/portfolio/simple-todo/src/App.js","/home/lucas/Documentos/proyectos/portfolio/simple-todo/src/views/login/login.js","/home/lucas/Documentos/proyectos/portfolio/simple-todo/src/reportWebVitals.js","/home/lucas/Documentos/proyectos/portfolio/simple-todo/src/index.js"],"compilerOptions":{"module":1,"target":3,"jsx":1,"allowJs":true,"allowSyntheticDefaultImports":true,"allowNonTsExtensions":true,"noEmitForJsFiles":true,"maxNodeModuleJsDepth":2},"typeAcquisition":{"enable":true,"include":[],"exclude":[]},"unresolvedImports":[],"projectRootPath":"/home/lucas/Documentos/proyectos/portfolio/simple-todo/src","kind":"discover"}
[16:57:46.642] Explicitly included types: []
[16:57:46.642] Inferred typings from unresolved imports: []
[16:57:46.643] Result: {"cachedTypingPaths":[],"newTypingNames":[],"filesToWatch":["/home/lucas/Documentos/proyectos/portfolio/simple-todo/src/bower_components","/home/lucas/Documentos/proyectos/portfolio/simple-todo/src/node_modules","/home/lucas/Documentos/proyectos/portfolio/simple-todo/src/views/login/bower_components","/home/lucas/Documentos/proyectos/portfolio/simple-todo/src/views/login/node_modules"]}
[16:57:46.643] Finished typings discovery: {"cachedTypingPaths":[],"newTypingNames":[],"filesToWatch":["/home/lucas/Documentos/proyectos/portfolio/simple-todo/src/bower_components","/home/lucas/Documentos/proyectos/portfolio/simple-todo/src/node_modules","/home/lucas/Documentos/proyectos/portfolio/simple-todo/src/views/login/bower_components","/home/lucas/Documentos/proyectos/portfolio/simple-todo/src/views/login/node_modules"]}
[16:57:46.643] Sending response:
    {"projectName":"/dev/null/inferredProject2*","typeAcquisition":{"enable":true,"include":[],"exclude":[]},"compilerOptions":{"module":1,"target":3,"jsx":1,"allowJs":true,"allowSyntheticDefaultImports":true,"allowNonTsExtensions":true,"noEmitForJsFiles":true,"maxNodeModuleJsDepth":2},"typings":[],"unresolvedImports":[],"kind":"action::set"}
[16:57:46.644] Response has been sent.
[16:57:46.644] No new typings were requested as a result of typings discovery
