Info 0    [16:08:36.810] Starting TS Server
Info 1    [16:08:36.813] Version: 4.6.3
Info 2    [16:08:36.813] Arguments: /usr/bin/node /home/lucas/.emacs.d/.cache/lsp/npm/typescript/lib/node_modules/typescript/lib/tsserver.js --logFile /home/lucas/Documentos/laburo/simple-TODO/.log/tsserver.log --logVerbosity info --cancellationPipeName /tmp/75447a3f9588cb301f4b6c844b44e46e/tscancellation*
Info 3    [16:08:36.813] Platform: linux NodeVersion: 17 CaseSensitive: true
Info 4    [16:08:36.813] ServerMode: undefined syntaxOnly: false hasUnknownServerMode: undefined
Info 5    [16:08:36.839] Format host information updated
Info 6    [16:08:36.902] Search path: /home/lucas/Documentos/laburo/simple-TODO/client/src
Info 7    [16:08:36.905] For info: /home/lucas/Documentos/laburo/simple-TODO/client/src/AppBar.js :: No config files found.
Info 8    [16:08:36.920] Starting updateGraphWorker: Project: /dev/null/inferredProject1*
Info 9    [16:08:43.886] Finishing updateGraphWorker: Project: /dev/null/inferredProject1* Version: 1 structureChanged: true structureIsReused:: Not Elapsed: 6966.054916000023ms
Info 10   [16:08:43.886] Project '/dev/null/inferredProject1*' (Inferred)
Info 11   [16:08:43.886] 	Files (180)

Info 12   [16:08:43.886] -----------------------------------------------
Info 13   [16:08:43.947] AutoImportProviderProject: found 10 root files in 10 dependencies in 55.852773000020534 ms
Info 14   [16:08:43.949] Starting updateGraphWorker: Project: /dev/null/autoImportProviderProject1*
Info 15   [16:08:45.231] Finishing updateGraphWorker: Project: /dev/null/autoImportProviderProject1* Version: 1 structureChanged: true structureIsReused:: Not Elapsed: 1281.0969530000002ms
Info 16   [16:08:45.231] Project '/dev/null/autoImportProviderProject1*' (AutoImportProvider)
Info 17   [16:08:45.231] 	Files (283)

Info 18   [16:08:45.231] -----------------------------------------------
Info 19   [16:08:46.331] DirectoryWatcher:: Triggered with /home/lucas/.cache/typescript/4.6/node_modules/types-registry 0:: WatchInfo: /home/lucas/.cache/typescript/4.6/node_modules 1 undefined Project: /dev/null/inferredProject1* WatchType: Failed Lookup Locations
Info 20   [16:08:46.332] Elapsed:: 0.9138760000350885ms DirectoryWatcher:: Triggered with /home/lucas/.cache/typescript/4.6/node_modules/types-registry 0:: WatchInfo: /home/lucas/.cache/typescript/4.6/node_modules 1 undefined Project: /dev/null/inferredProject1* WatchType: Failed Lookup Locations
Info 21   [16:08:46.332] DirectoryWatcher:: Triggered with /home/lucas/.cache/typescript/4.6/node_modules/types-registry 1:: WatchInfo: /home/lucas/.cache/typescript/4.6/node_modules 1 undefined Project: /dev/null/inferredProject1* WatchType: Failed Lookup Locations
Info 22   [16:08:46.332] Elapsed:: 0.13516599999275059ms DirectoryWatcher:: Triggered with /home/lucas/.cache/typescript/4.6/node_modules/types-registry 1:: WatchInfo: /home/lucas/.cache/typescript/4.6/node_modules 1 undefined Project: /dev/null/inferredProject1* WatchType: Failed Lookup Locations
Info 23   [16:08:46.332] DirectoryWatcher:: Triggered with /home/lucas/.cache/typescript/4.6/node_modules/types-registry/types-registry 2:: WatchInfo: /home/lucas/.cache/typescript/4.6/node_modules 1 undefined Project: /dev/null/inferredProject1* WatchType: Failed Lookup Locations
Info 24   [16:08:46.332] Elapsed:: 0.04166599997552112ms DirectoryWatcher:: Triggered with /home/lucas/.cache/typescript/4.6/node_modules/types-registry/types-registry 2:: WatchInfo: /home/lucas/.cache/typescript/4.6/node_modules 1 undefined Project: /dev/null/inferredProject1* WatchType: Failed Lookup Locations
Info 25   [16:08:46.332] DirectoryWatcher:: Triggered with /home/lucas/.cache/typescript/4.6/node_modules/types-registry/README.md 3:: WatchInfo: /home/lucas/.cache/typescript/4.6/node_modules 1 undefined Project: /dev/null/inferredProject1* WatchType: Failed Lookup Locations
Info 26   [16:08:46.332] Elapsed:: 0.035690999997314066ms DirectoryWatcher:: Triggered with /home/lucas/.cache/typescript/4.6/node_modules/types-registry/README.md 3:: WatchInfo: /home/lucas/.cache/typescript/4.6/node_modules 1 undefined Project: /dev/null/inferredProject1* WatchType: Failed Lookup Locations
Info 27   [16:08:46.333] DirectoryWatcher:: Triggered with /home/lucas/.cache/typescript/4.6/node_modules/types-registry/index.json 4:: WatchInfo: /home/lucas/.cache/typescript/4.6/node_modules 1 undefined Project: /dev/null/inferredProject1* WatchType: Failed Lookup Locations
Info 28   [16:08:46.333] Elapsed:: 0.34761699999216944ms DirectoryWatcher:: Triggered with /home/lucas/.cache/typescript/4.6/node_modules/types-registry/index.json 4:: WatchInfo: /home/lucas/.cache/typescript/4.6/node_modules 1 undefined Project: /dev/null/inferredProject1* WatchType: Failed Lookup Locations
Info 29   [16:08:46.333] DirectoryWatcher:: Triggered with /home/lucas/.cache/typescript/4.6/node_modules/types-registry/package.json 5:: WatchInfo: /home/lucas/.cache/typescript/4.6/node_modules 1 undefined Project: /dev/null/inferredProject1* WatchType: Failed Lookup Locations
Info 30   [16:08:46.333] Elapsed:: 0.09729299996979535ms DirectoryWatcher:: Triggered with /home/lucas/.cache/typescript/4.6/node_modules/types-registry/package.json 5:: WatchInfo: /home/lucas/.cache/typescript/4.6/node_modules 1 undefined Project: /dev/null/inferredProject1* WatchType: Failed Lookup Locations
Info 31   [16:08:46.333] DirectoryWatcher:: Triggered with /home/lucas/.cache/typescript/4.6/node_modules/types-registry/types-registry 6:: WatchInfo: /home/lucas/.cache/typescript/4.6/node_modules 1 undefined Project: /dev/null/inferredProject1* WatchType: Failed Lookup Locations
Info 32   [16:08:46.333] Elapsed:: 0.03159400000004098ms DirectoryWatcher:: Triggered with /home/lucas/.cache/typescript/4.6/node_modules/types-registry/types-registry 6:: WatchInfo: /home/lucas/.cache/typescript/4.6/node_modules 1 undefined Project: /dev/null/inferredProject1* WatchType: Failed Lookup Locations
Info 33   [16:08:46.334] DirectoryWatcher:: Triggered with /home/lucas/.cache/typescript/4.6/node_modules/types-registry/types-registry 7:: WatchInfo: /home/lucas/.cache/typescript/4.6/node_modules 1 undefined Project: /dev/null/inferredProject1* WatchType: Failed Lookup Locations
Info 34   [16:08:46.334] Elapsed:: 0.049426999990828335ms DirectoryWatcher:: Triggered with /home/lucas/.cache/typescript/4.6/node_modules/types-registry/types-registry 7:: WatchInfo: /home/lucas/.cache/typescript/4.6/node_modules 1 undefined Project: /dev/null/inferredProject1* WatchType: Failed Lookup Locations
Info 35   [16:09:05.459] DirectoryWatcher:: Triggered with /home/lucas/Documentos/laburo/simple-TODO/client/src/.#AppBar.js :: WatchInfo: /home/lucas/Documentos/laburo/simple-TODO/client/src 0 undefined Project: /dev/null/inferredProject1* WatchType: Failed Lookup Locations
Info 36   [16:09:05.459] Elapsed:: 0.047867999994196ms DirectoryWatcher:: Triggered with /home/lucas/Documentos/laburo/simple-TODO/client/src/.#AppBar.js :: WatchInfo: /home/lucas/Documentos/laburo/simple-TODO/client/src 0 undefined Project: /dev/null/inferredProject1* WatchType: Failed Lookup Locations
Info 37   [16:09:05.663] Starting updateGraphWorker: Project: /dev/null/inferredProject1*
Info 38   [16:09:05.829] Finishing updateGraphWorker: Project: /dev/null/inferredProject1* Version: 2 structureChanged: true structureIsReused:: SafeModules Elapsed: 165.86976400000276ms
Info 39   [16:09:05.829] Project '/dev/null/inferredProject1*' (Inferred)
Info 40   [16:09:05.829] 	Files (179)

Info 41   [16:09:05.829] -----------------------------------------------
Info 42   [16:09:05.829] Project '/dev/null/autoImportProviderProject1*' (AutoImportProvider)
Info 43   [16:09:05.829] 	Files (283)

Info 44   [16:09:05.830] -----------------------------------------------
Info 45   [16:09:06.354] DirectoryWatcher:: Triggered with /home/lucas/Documentos/laburo/simple-TODO/client/src/.#.AppBar.js.~undo-tree~ :: WatchInfo: /home/lucas/Documentos/laburo/simple-TODO/client/src 0 undefined Project: /dev/null/inferredProject1* WatchType: Failed Lookup Locations
Info 46   [16:09:06.354] Elapsed:: 0.051823000016156584ms DirectoryWatcher:: Triggered with /home/lucas/Documentos/laburo/simple-TODO/client/src/.#.AppBar.js.~undo-tree~ :: WatchInfo: /home/lucas/Documentos/laburo/simple-TODO/client/src 0 undefined Project: /dev/null/inferredProject1* WatchType: Failed Lookup Locations
Info 47   [16:09:06.422] DirectoryWatcher:: Triggered with /home/lucas/Documentos/laburo/simple-TODO/client/src/.#.AppBar.js.~undo-tree~ :: WatchInfo: /home/lucas/Documentos/laburo/simple-TODO/client/src 0 undefined Project: /dev/null/inferredProject1* WatchType: Failed Lookup Locations
Info 48   [16:09:06.422] Elapsed:: 0.05750499997520819ms DirectoryWatcher:: Triggered with /home/lucas/Documentos/laburo/simple-TODO/client/src/.#.AppBar.js.~undo-tree~ :: WatchInfo: /home/lucas/Documentos/laburo/simple-TODO/client/src 0 undefined Project: /dev/null/inferredProject1* WatchType: Failed Lookup Locations
Info 49   [16:09:06.427] DirectoryWatcher:: Triggered with /home/lucas/Documentos/laburo/simple-TODO/client/src/.#AppBar.js :: WatchInfo: /home/lucas/Documentos/laburo/simple-TODO/client/src 0 undefined Project: /dev/null/inferredProject1* WatchType: Failed Lookup Locations
Info 50   [16:09:06.427] Elapsed:: 0.05244300002232194ms DirectoryWatcher:: Triggered with /home/lucas/Documentos/laburo/simple-TODO/client/src/.#AppBar.js :: WatchInfo: /home/lucas/Documentos/laburo/simple-TODO/client/src 0 undefined Project: /dev/null/inferredProject1* WatchType: Failed Lookup Locations
Info 51   [16:13:05.217] Search path: /home/lucas/Documentos/laburo/simple-TODO/src
Info 52   [16:13:05.218] For info: /home/lucas/Documentos/laburo/simple-TODO/src/server.js :: No config files found.
Info 53   [16:13:05.233] Starting updateGraphWorker: Project: /dev/null/inferredProject2*
Info 54   [16:13:06.326] Finishing updateGraphWorker: Project: /dev/null/inferredProject2* Version: 1 structureChanged: true structureIsReused:: Not Elapsed: 1092.63517699996ms
Info 55   [16:13:06.326] Project '/dev/null/inferredProject2*' (Inferred)
Info 56   [16:13:06.327] 	Files (95)

Info 57   [16:13:06.327] -----------------------------------------------
Info 58   [16:13:09.567] Starting updateGraphWorker: Project: /dev/null/inferredProject2*
Info 59   [16:13:09.600] Finishing updateGraphWorker: Project: /dev/null/inferredProject2* Version: 2 structureChanged: false structureIsReused:: Completely Elapsed: 33.16061400005128ms
Info 60   [16:13:09.601] Different program with same set of files
Info 61   [16:13:10.453] Starting updateGraphWorker: Project: /dev/null/inferredProject2*
Info 62   [16:13:10.601] Finishing updateGraphWorker: Project: /dev/null/inferredProject2* Version: 3 structureChanged: true structureIsReused:: Not Elapsed: 147.3480630000122ms
Info 63   [16:13:10.601] Project '/dev/null/inferredProject2*' (Inferred)
Info 64   [16:13:10.601] 	Files (105)

Info 65   [16:13:10.601] -----------------------------------------------
Info 66   [16:13:10.638] DirectoryWatcher:: Triggered with /home/lucas/.cache/typescript/4.6/node_modules :: WatchInfo: /home/lucas/.cache/typescript/4.6/node_modules 1 undefined Project: /dev/null/inferredProject1* WatchType: Failed Lookup Locations
Info 67   [16:13:10.639] Elapsed:: 0.23936799995135516ms DirectoryWatcher:: Triggered with /home/lucas/.cache/typescript/4.6/node_modules :: WatchInfo: /home/lucas/.cache/typescript/4.6/node_modules 1 undefined Project: /dev/null/inferredProject1* WatchType: Failed Lookup Locations
Info 68   [16:13:10.639] DirectoryWatcher:: Triggered with /home/lucas/.cache/typescript/4.6/node_modules :: WatchInfo: /home/lucas/.cache/typescript/4.6/node_modules 1 undefined Project: /dev/null/inferredProject2* WatchType: Failed Lookup Locations
Info 69   [16:13:10.639] Elapsed:: 0.030965999932959676ms DirectoryWatcher:: Triggered with /home/lucas/.cache/typescript/4.6/node_modules :: WatchInfo: /home/lucas/.cache/typescript/4.6/node_modules 1 undefined Project: /dev/null/inferredProject2* WatchType: Failed Lookup Locations
Info 70   [16:13:10.965] Starting updateGraphWorker: Project: /dev/null/inferredProject2*
Info 71   [16:13:11.081] Finishing updateGraphWorker: Project: /dev/null/inferredProject2* Version: 4 structureChanged: true structureIsReused:: Not Elapsed: 116.78765800001565ms
Info 72   [16:13:11.082] Project '/dev/null/inferredProject2*' (Inferred)
Info 73   [16:13:11.082] 	Files (105)

Info 74   [16:13:11.082] -----------------------------------------------
Info 75   [16:13:11.895] Starting updateGraphWorker: Project: /dev/null/inferredProject1*
Info 76   [16:13:12.000] Finishing updateGraphWorker: Project: /dev/null/inferredProject1* Version: 3 structureChanged: true structureIsReused:: SafeModules Elapsed: 105.67991100007202ms
Info 77   [16:13:12.000] Different program with same set of files
Info 78   [16:13:12.063] Starting updateGraphWorker: Project: /dev/null/inferredProject2*
Info 79   [16:13:12.075] Finishing updateGraphWorker: Project: /dev/null/inferredProject2* Version: 5 structureChanged: false structureIsReused:: Completely Elapsed: 11.64166900003329ms
Info 80   [16:13:12.075] Different program with same set of files
Info 81   [16:13:13.309] Starting updateGraphWorker: Project: /dev/null/inferredProject2*
Info 82   [16:13:13.323] Finishing updateGraphWorker: Project: /dev/null/inferredProject2* Version: 6 structureChanged: false structureIsReused:: Completely Elapsed: 13.51535000000149ms
Info 83   [16:13:13.323] Different program with same set of files
Info 84   [16:13:14.144] Before ensureProjectForOpenFiles:
Info 85   [16:13:14.145] After ensureProjectForOpenFiles:
Info 86   [16:13:14.145] got projects updated in background, updating diagnostics for /home/lucas/Documentos/laburo/simple-TODO/client/src/AppBar.js,/home/lucas/Documentos/laburo/simple-TODO/src/server.js
Info 87   [16:13:14.745] Starting updateGraphWorker: Project: /dev/null/inferredProject2*
Info 88   [16:13:14.763] Finishing updateGraphWorker: Project: /dev/null/inferredProject2* Version: 7 structureChanged: false structureIsReused:: Completely Elapsed: 18.10927699995227ms
Info 89   [16:13:14.764] Different program with same set of files
Info 90   [16:13:51.505] Starting updateGraphWorker: Project: /dev/null/inferredProject2*
Info 91   [16:13:51.525] Finishing updateGraphWorker: Project: /dev/null/inferredProject2* Version: 8 structureChanged: false structureIsReused:: Completely Elapsed: 19.937954000080936ms
Info 92   [16:13:51.525] Different program with same set of files
Info 93   [16:13:53.466] Starting updateGraphWorker: Project: /dev/null/inferredProject2*
Info 94   [16:13:53.483] Finishing updateGraphWorker: Project: /dev/null/inferredProject2* Version: 9 structureChanged: false structureIsReused:: Completely Elapsed: 17.53737799997907ms
Info 95   [16:13:53.484] Different program with same set of files
Info 96   [16:14:13.073] Starting updateGraphWorker: Project: /dev/null/inferredProject2*
Info 97   [16:14:13.180] Finishing updateGraphWorker: Project: /dev/null/inferredProject2* Version: 10 structureChanged: true structureIsReused:: SafeModules Elapsed: 107.22518100007437ms
Info 98   [16:14:13.180] Different program with same set of files
Info 99   [16:14:51.483] DirectoryWatcher:: Triggered with /home/lucas/node_modules :: WatchInfo: /home/lucas/node_modules 1 undefined WatchType: node_modules for closed script infos and package.jsons affecting module specifier cache
Info 100  [16:14:51.487] Elapsed:: 3.5656830000225455ms DirectoryWatcher:: Triggered with /home/lucas/node_modules :: WatchInfo: /home/lucas/node_modules 1 undefined WatchType: node_modules for closed script infos and package.jsons affecting module specifier cache
Info 101  [16:14:52.380] FileWatcher:: Triggered with /home/lucas/package.json 1:: WatchInfo: /home/lucas/package.json 250 undefined WatchType: package.json file
Info 102  [16:14:52.381] Elapsed:: 0.8524040000047535ms FileWatcher:: Triggered with /home/lucas/package.json 1:: WatchInfo: /home/lucas/package.json 250 undefined WatchType: package.json file
Info 103  [16:15:08.228] Starting updateGraphWorker: Project: /dev/null/inferredProject2*
Info 104  [16:15:08.308] Finishing updateGraphWorker: Project: /dev/null/inferredProject2* Version: 11 structureChanged: true structureIsReused:: SafeModules Elapsed: 79.1228279999923ms
Info 105  [16:15:08.308] Project '/dev/null/inferredProject2*' (Inferred)
Info 106  [16:15:08.308] 	Files (104)

Info 107  [16:15:08.308] -----------------------------------------------
Info 108  [16:15:08.814] Starting updateGraphWorker: Project: /dev/null/inferredProject2*
Info 109  [16:15:08.907] Finishing updateGraphWorker: Project: /dev/null/inferredProject2* Version: 12 structureChanged: true structureIsReused:: SafeModules Elapsed: 93.68681199999992ms
Info 110  [16:15:08.908] Different program with same set of files
Info 111  [16:15:10.031] Starting updateGraphWorker: Project: /dev/null/inferredProject2*
Info 112  [16:15:10.127] Finishing updateGraphWorker: Project: /dev/null/inferredProject2* Version: 13 structureChanged: true structureIsReused:: SafeModules Elapsed: 95.49802399997134ms
Info 113  [16:15:10.127] Different program with same set of files
Info 114  [16:15:10.156] Starting updateGraphWorker: Project: /dev/null/inferredProject2*
Info 115  [16:15:10.203] Finishing updateGraphWorker: Project: /dev/null/inferredProject2* Version: 14 structureChanged: true structureIsReused:: SafeModules Elapsed: 46.68923100002576ms
Info 116  [16:15:10.203] Different program with same set of files
Info 117  [16:15:10.768] Format host information updated
Info 118  [16:15:10.768] Format host information updated
Info 119  [16:15:10.769] Starting updateGraphWorker: Project: /dev/null/inferredProject2*
Info 120  [16:15:10.857] Finishing updateGraphWorker: Project: /dev/null/inferredProject2* Version: 15 structureChanged: true structureIsReused:: SafeModules Elapsed: 88.53392200008966ms
Info 121  [16:15:10.858] Project '/dev/null/inferredProject2*' (Inferred)
Info 122  [16:15:10.858] 	Files (105)

Info 123  [16:15:10.858] -----------------------------------------------
Info 124  [16:15:13.114] Starting updateGraphWorker: Project: /dev/null/inferredProject2*
Info 125  [16:15:13.207] Finishing updateGraphWorker: Project: /dev/null/inferredProject2* Version: 16 structureChanged: true structureIsReused:: SafeModules Elapsed: 93.10694999992847ms
Info 126  [16:15:13.207] Project '/dev/null/inferredProject2*' (Inferred)
Info 127  [16:15:13.207] 	Files (97)

Info 128  [16:15:13.207] -----------------------------------------------
Info 129  [16:15:13.633] Starting updateGraphWorker: Project: /dev/null/inferredProject2*
Info 130  [16:15:13.732] Finishing updateGraphWorker: Project: /dev/null/inferredProject2* Version: 17 structureChanged: true structureIsReused:: SafeModules Elapsed: 98.04016099998262ms
Info 131  [16:15:13.732] Different program with same set of files
Info 132  [16:15:13.738] Starting updateGraphWorker: Project: /dev/null/inferredProject2*
Info 133  [16:15:13.776] Finishing updateGraphWorker: Project: /dev/null/inferredProject2* Version: 18 structureChanged: true structureIsReused:: SafeModules Elapsed: 37.79817600001115ms
Info 134  [16:15:13.776] Different program with same set of files
Info 135  [16:15:14.734] Starting updateGraphWorker: Project: /dev/null/inferredProject2*
Info 136  [16:15:14.834] Finishing updateGraphWorker: Project: /dev/null/inferredProject2* Version: 19 structureChanged: true structureIsReused:: SafeModules Elapsed: 99.76760699995793ms
Info 137  [16:15:14.834] Different program with same set of files
Info 138  [16:15:15.436] Starting updateGraphWorker: Project: /dev/null/inferredProject2*
Info 139  [16:15:15.482] Finishing updateGraphWorker: Project: /dev/null/inferredProject2* Version: 20 structureChanged: true structureIsReused:: SafeModules Elapsed: 45.372116999933496ms
Info 140  [16:15:15.482] Different program with same set of files
Info 141  [16:15:15.873] Starting updateGraphWorker: Project: /dev/null/inferredProject2*
Info 142  [16:15:15.970] Finishing updateGraphWorker: Project: /dev/null/inferredProject2* Version: 21 structureChanged: true structureIsReused:: SafeModules Elapsed: 96.3367009999929ms
Info 143  [16:15:15.970] Different program with same set of files
Info 144  [16:15:15.971] Starting updateGraphWorker: Project: /dev/null/inferredProject2*
Info 145  [16:15:16.002] Finishing updateGraphWorker: Project: /dev/null/inferredProject2* Version: 22 structureChanged: true structureIsReused:: SafeModules Elapsed: 30.591835999977775ms
Info 146  [16:15:16.002] Different program with same set of files
Info 147  [16:15:16.251] Starting updateGraphWorker: Project: /dev/null/inferredProject2*
Info 148  [16:15:16.351] Finishing updateGraphWorker: Project: /dev/null/inferredProject2* Version: 23 structureChanged: true structureIsReused:: SafeModules Elapsed: 99.39810699992813ms
Info 149  [16:15:16.351] Project '/dev/null/inferredProject2*' (Inferred)
Info 150  [16:15:16.351] 	Files (105)

Info 151  [16:15:16.351] -----------------------------------------------
Info 152  [16:15:30.397] FileWatcher:: Triggered with /home/lucas/package.json 1:: WatchInfo: /home/lucas/package.json 250 undefined WatchType: package.json file
Info 153  [16:15:30.397] Elapsed:: 0.42775300005450845ms FileWatcher:: Triggered with /home/lucas/package.json 1:: WatchInfo: /home/lucas/package.json 250 undefined WatchType: package.json file
Info 154  [16:15:30.631] DirectoryWatcher:: Triggered with /home/lucas/node_modules :: WatchInfo: /home/lucas/node_modules 1 undefined WatchType: node_modules for closed script infos and package.jsons affecting module specifier cache
Info 155  [16:15:30.632] Elapsed:: 1.5274320000316948ms DirectoryWatcher:: Triggered with /home/lucas/node_modules :: WatchInfo: /home/lucas/node_modules 1 undefined WatchType: node_modules for closed script infos and package.jsons affecting module specifier cache
Info 156  [16:15:38.774] Starting updateGraphWorker: Project: /dev/null/inferredProject2*
Info 157  [16:15:38.868] Finishing updateGraphWorker: Project: /dev/null/inferredProject2* Version: 24 structureChanged: true structureIsReused:: SafeModules Elapsed: 94.1031560000265ms
Info 158  [16:15:38.868] Project '/dev/null/inferredProject2*' (Inferred)
Info 159  [16:15:38.868] 	Files (97)

Info 160  [16:15:38.868] -----------------------------------------------
Info 161  [16:15:39.364] Starting updateGraphWorker: Project: /dev/null/inferredProject2*
Info 162  [16:15:39.457] Finishing updateGraphWorker: Project: /dev/null/inferredProject2* Version: 25 structureChanged: true structureIsReused:: SafeModules Elapsed: 91.96182500000577ms
Info 163  [16:15:39.457] Project '/dev/null/inferredProject2*' (Inferred)
Info 164  [16:15:39.457] 	Files (105)

Info 165  [16:15:39.457] -----------------------------------------------
Info 166  [16:15:43.498] Starting updateGraphWorker: Project: /dev/null/inferredProject2*
Info 167  [16:15:43.586] Finishing updateGraphWorker: Project: /dev/null/inferredProject2* Version: 26 structureChanged: true structureIsReused:: SafeModules Elapsed: 87.90013700001873ms
Info 168  [16:15:43.586] Different program with same set of files
Info 169  [16:16:02.325] Starting updateGraphWorker: Project: /dev/null/inferredProject2*
Info 170  [16:16:02.415] Finishing updateGraphWorker: Project: /dev/null/inferredProject2* Version: 27 structureChanged: true structureIsReused:: SafeModules Elapsed: 89.6742020000238ms
Info 171  [16:16:02.415] Different program with same set of files
Info 172  [16:16:05.160] Starting updateGraphWorker: Project: /dev/null/inferredProject2*
Info 173  [16:16:05.241] Finishing updateGraphWorker: Project: /dev/null/inferredProject2* Version: 28 structureChanged: true structureIsReused:: SafeModules Elapsed: 81.19227100000717ms
Info 174  [16:16:05.241] Different program with same set of files
Info 175  [16:16:05.244] Starting updateGraphWorker: Project: /dev/null/inferredProject2*
Info 176  [16:16:05.284] Finishing updateGraphWorker: Project: /dev/null/inferredProject2* Version: 29 structureChanged: true structureIsReused:: SafeModules Elapsed: 39.930732000037096ms
Info 177  [16:16:05.284] Different program with same set of files
Info 178  [16:16:05.709] Starting updateGraphWorker: Project: /dev/null/inferredProject2*
Info 179  [16:16:05.787] Finishing updateGraphWorker: Project: /dev/null/inferredProject2* Version: 30 structureChanged: true structureIsReused:: SafeModules Elapsed: 77.87586700008251ms
Info 180  [16:16:05.787] Different program with same set of files
Info 181  [16:16:06.188] Starting updateGraphWorker: Project: /dev/null/inferredProject2*
Info 182  [16:16:06.272] Finishing updateGraphWorker: Project: /dev/null/inferredProject2* Version: 31 structureChanged: true structureIsReused:: SafeModules Elapsed: 83.78948900010437ms
Info 183  [16:16:06.273] Different program with same set of files
Info 184  [16:16:07.074] Starting updateGraphWorker: Project: /dev/null/inferredProject2*
Info 185  [16:16:07.157] Finishing updateGraphWorker: Project: /dev/null/inferredProject2* Version: 32 structureChanged: true structureIsReused:: SafeModules Elapsed: 82.72546099999454ms
Info 186  [16:16:07.157] Different program with same set of files
Info 187  [16:16:09.219] Starting updateGraphWorker: Project: /dev/null/inferredProject2*
Info 188  [16:16:09.268] Finishing updateGraphWorker: Project: /dev/null/inferredProject2* Version: 33 structureChanged: true structureIsReused:: SafeModules Elapsed: 48.34635000000708ms
Info 189  [16:16:09.268] Different program with same set of files
Info 190  [16:16:09.865] Starting updateGraphWorker: Project: /dev/null/inferredProject2*
Info 191  [16:16:09.921] Finishing updateGraphWorker: Project: /dev/null/inferredProject2* Version: 34 structureChanged: true structureIsReused:: SafeModules Elapsed: 56.18356799997855ms
Info 192  [16:16:09.921] Different program with same set of files
Info 193  [16:16:12.293] Starting updateGraphWorker: Project: /dev/null/inferredProject2*
Info 194  [16:16:12.337] Finishing updateGraphWorker: Project: /dev/null/inferredProject2* Version: 35 structureChanged: true structureIsReused:: SafeModules Elapsed: 43.415145999984816ms
Info 195  [16:16:12.337] Different program with same set of files
Info 196  [16:16:13.380] Format host information updated
Info 197  [16:16:13.381] Format host information updated
Info 198  [16:16:13.381] Starting updateGraphWorker: Project: /dev/null/inferredProject2*
Info 199  [16:16:13.450] Finishing updateGraphWorker: Project: /dev/null/inferredProject2* Version: 36 structureChanged: true structureIsReused:: SafeModules Elapsed: 68.62885599990841ms
Info 200  [16:16:13.450] Project '/dev/null/inferredProject2*' (Inferred)
Info 201  [16:16:13.450] 	Files (106)

Info 202  [16:16:13.450] -----------------------------------------------
Info 203  [16:16:13.960] Starting updateGraphWorker: Project: /dev/null/inferredProject2*
Info 204  [16:16:14.019] Finishing updateGraphWorker: Project: /dev/null/inferredProject2* Version: 37 structureChanged: true structureIsReused:: SafeModules Elapsed: 58.80924299999606ms
Info 205  [16:16:14.019] Different program with same set of files
Info 206  [16:16:15.233] Starting updateGraphWorker: Project: /dev/null/inferredProject2*
Info 207  [16:16:15.315] Finishing updateGraphWorker: Project: /dev/null/inferredProject2* Version: 38 structureChanged: true structureIsReused:: SafeModules Elapsed: 81.81868599995505ms
Info 208  [16:16:15.316] Project '/dev/null/inferredProject2*' (Inferred)
Info 209  [16:16:15.316] 	Files (105)

Info 210  [16:16:15.316] -----------------------------------------------
Info 211  [16:16:16.966] Starting updateGraphWorker: Project: /dev/null/inferredProject2*
Info 212  [16:16:17.016] Finishing updateGraphWorker: Project: /dev/null/inferredProject2* Version: 39 structureChanged: true structureIsReused:: SafeModules Elapsed: 50.25346400006674ms
Info 213  [16:16:17.016] Project '/dev/null/inferredProject2*' (Inferred)
Info 214  [16:16:17.016] 	Files (106)

Info 215  [16:16:17.016] -----------------------------------------------
Info 216  [16:16:17.350] Starting updateGraphWorker: Project: /dev/null/inferredProject2*
Info 217  [16:16:17.427] Finishing updateGraphWorker: Project: /dev/null/inferredProject2* Version: 40 structureChanged: true structureIsReused:: SafeModules Elapsed: 76.21621999994386ms
Info 218  [16:16:17.427] Project '/dev/null/inferredProject2*' (Inferred)
Info 219  [16:16:17.427] 	Files (105)

Info 220  [16:16:17.427] -----------------------------------------------
Info 221  [16:16:18.168] Starting updateGraphWorker: Project: /dev/null/inferredProject2*
Info 222  [16:16:18.230] Finishing updateGraphWorker: Project: /dev/null/inferredProject2* Version: 41 structureChanged: true structureIsReused:: SafeModules Elapsed: 61.83201300003566ms
Info 223  [16:16:18.230] Project '/dev/null/inferredProject2*' (Inferred)
Info 224  [16:16:18.230] 	Files (106)

Info 225  [16:16:18.230] -----------------------------------------------
Info 226  [16:16:20.177] Starting updateGraphWorker: Project: /dev/null/inferredProject2*
Info 227  [16:16:20.219] Finishing updateGraphWorker: Project: /dev/null/inferredProject2* Version: 42 structureChanged: true structureIsReused:: SafeModules Elapsed: 41.7118049999699ms
Info 228  [16:16:20.219] Project '/dev/null/inferredProject2*' (Inferred)
Info 229  [16:16:20.219] 	Files (105)

Info 230  [16:16:20.219] -----------------------------------------------
Info 231  [16:16:20.262] Starting updateGraphWorker: Project: /dev/null/inferredProject2*
Info 232  [16:16:20.300] Finishing updateGraphWorker: Project: /dev/null/inferredProject2* Version: 43 structureChanged: true structureIsReused:: SafeModules Elapsed: 37.58051500003785ms
Info 233  [16:16:20.300] Different program with same set of files
Info 234  [16:16:21.266] Starting updateGraphWorker: Project: /dev/null/inferredProject2*
Info 235  [16:16:21.343] Finishing updateGraphWorker: Project: /dev/null/inferredProject2* Version: 44 structureChanged: true structureIsReused:: SafeModules Elapsed: 77.4706699999515ms
Info 236  [16:16:21.343] Different program with same set of files
Info 237  [16:16:21.345] Starting updateGraphWorker: Project: /dev/null/inferredProject2*
Info 238  [16:16:21.388] Finishing updateGraphWorker: Project: /dev/null/inferredProject2* Version: 45 structureChanged: true structureIsReused:: SafeModules Elapsed: 42.62364699994214ms
Info 239  [16:16:21.388] Project '/dev/null/inferredProject2*' (Inferred)
Info 240  [16:16:21.388] 	Files (106)

Info 241  [16:16:21.388] -----------------------------------------------
Info 242  [16:16:56.117] Search path: /home/lucas/Documentos/laburo/simple-TODO/server
Info 243  [16:16:56.118] For info: /home/lucas/Documentos/laburo/simple-TODO/server/server.js :: No config files found.
Info 244  [16:16:56.130] Starting updateGraphWorker: Project: /dev/null/inferredProject3*
Info 245  [16:16:56.805] Finishing updateGraphWorker: Project: /dev/null/inferredProject3* Version: 1 structureChanged: true structureIsReused:: Not Elapsed: 674.5049489999656ms
Info 246  [16:16:56.805] Project '/dev/null/inferredProject3*' (Inferred)
Info 247  [16:16:56.805] 	Files (106)

Info 248  [16:16:56.805] -----------------------------------------------
Info 249  [16:16:56.817] AutoImportProviderProject: found 2 root files in 2 dependencies in 10.564218999934383 ms
Info 250  [16:16:56.818] Starting updateGraphWorker: Project: /dev/null/autoImportProviderProject2*
Info 251  [16:16:57.231] Finishing updateGraphWorker: Project: /dev/null/autoImportProviderProject2* Version: 1 structureChanged: true structureIsReused:: Not Elapsed: 413.0500860000029ms
Info 252  [16:16:57.232] Project '/dev/null/autoImportProviderProject2*' (AutoImportProvider)
Info 253  [16:16:57.232] 	Files (23)

Info 254  [16:16:57.232] -----------------------------------------------
Info 255  [16:17:01.278] DirectoryWatcher:: Triggered with /home/lucas/.cache/typescript/4.6/node_modules :: WatchInfo: /home/lucas/.cache/typescript/4.6/node_modules 1 undefined Project: /dev/null/inferredProject1* WatchType: Failed Lookup Locations
Info 256  [16:17:01.278] Elapsed:: 0.5411979999626055ms DirectoryWatcher:: Triggered with /home/lucas/.cache/typescript/4.6/node_modules :: WatchInfo: /home/lucas/.cache/typescript/4.6/node_modules 1 undefined Project: /dev/null/inferredProject1* WatchType: Failed Lookup Locations
Info 257  [16:17:01.278] DirectoryWatcher:: Triggered with /home/lucas/.cache/typescript/4.6/node_modules :: WatchInfo: /home/lucas/.cache/typescript/4.6/node_modules 1 undefined Project: /dev/null/inferredProject2* WatchType: Failed Lookup Locations
Info 258  [16:17:01.279] Elapsed:: 0.048903999966569245ms DirectoryWatcher:: Triggered with /home/lucas/.cache/typescript/4.6/node_modules :: WatchInfo: /home/lucas/.cache/typescript/4.6/node_modules 1 undefined Project: /dev/null/inferredProject2* WatchType: Failed Lookup Locations
Info 259  [16:17:01.279] DirectoryWatcher:: Triggered with /home/lucas/.cache/typescript/4.6/node_modules :: WatchInfo: /home/lucas/.cache/typescript/4.6/node_modules 1 undefined Project: /dev/null/inferredProject3* WatchType: Failed Lookup Locations
Info 260  [16:17:01.279] Elapsed:: 0.04281200002878904ms DirectoryWatcher:: Triggered with /home/lucas/.cache/typescript/4.6/node_modules :: WatchInfo: /home/lucas/.cache/typescript/4.6/node_modules 1 undefined Project: /dev/null/inferredProject3* WatchType: Failed Lookup Locations
Info 261  [16:17:01.478] Starting updateGraphWorker: Project: /dev/null/inferredProject3*
Info 262  [16:17:01.578] Finishing updateGraphWorker: Project: /dev/null/inferredProject3* Version: 2 structureChanged: true structureIsReused:: SafeModules Elapsed: 99.72924900008366ms
Info 263  [16:17:01.578] Different program with same set of files
Info 264  [16:17:02.171] Starting updateGraphWorker: Project: /dev/null/inferredProject3*
Info 265  [16:17:02.285] Finishing updateGraphWorker: Project: /dev/null/inferredProject3* Version: 3 structureChanged: true structureIsReused:: Not Elapsed: 113.82464999996591ms
Info 266  [16:17:02.285] Project '/dev/null/inferredProject3*' (Inferred)
Info 267  [16:17:02.285] 	Files (109)

Info 268  [16:17:02.285] -----------------------------------------------
Info 269  [16:17:02.285] Project '/dev/null/autoImportProviderProject2*' (AutoImportProvider)
Info 270  [16:17:02.285] 	Files (23)

Info 271  [16:17:02.285] -----------------------------------------------
Info 272  [16:17:02.540] Starting updateGraphWorker: Project: /dev/null/inferredProject1*
Info 273  [16:17:02.659] Finishing updateGraphWorker: Project: /dev/null/inferredProject1* Version: 4 structureChanged: true structureIsReused:: SafeModules Elapsed: 119.13952500000596ms
Info 274  [16:17:02.659] Different program with same set of files
Info 275  [16:17:02.660] Starting updateGraphWorker: Project: /dev/null/inferredProject2*
Info 276  [16:17:02.716] Finishing updateGraphWorker: Project: /dev/null/inferredProject2* Version: 46 structureChanged: true structureIsReused:: SafeModules Elapsed: 55.21175399993081ms
Info 277  [16:17:02.716] Different program with same set of files
Info 278  [16:17:02.818] DirectoryWatcher:: Triggered with /home/lucas/.cache/typescript/4.6/node_modules/@types/uuid/LICENSE 0:: WatchInfo: /home/lucas/.cache/typescript/4.6/node_modules 1 undefined Project: /dev/null/inferredProject1* WatchType: Failed Lookup Locations
Info 279  [16:17:02.818] Elapsed:: 0.18138399999588728ms DirectoryWatcher:: Triggered with /home/lucas/.cache/typescript/4.6/node_modules/@types/uuid/LICENSE 0:: WatchInfo: /home/lucas/.cache/typescript/4.6/node_modules 1 undefined Project: /dev/null/inferredProject1* WatchType: Failed Lookup Locations
Info 280  [16:17:02.818] DirectoryWatcher:: Triggered with /home/lucas/.cache/typescript/4.6/node_modules/@types/uuid/README.md 1:: WatchInfo: /home/lucas/.cache/typescript/4.6/node_modules 1 undefined Project: /dev/null/inferredProject1* WatchType: Failed Lookup Locations
Info 281  [16:17:02.818] Elapsed:: 0.0331849999492988ms DirectoryWatcher:: Triggered with /home/lucas/.cache/typescript/4.6/node_modules/@types/uuid/README.md 1:: WatchInfo: /home/lucas/.cache/typescript/4.6/node_modules 1 undefined Project: /dev/null/inferredProject1* WatchType: Failed Lookup Locations
Info 282  [16:17:02.818] DirectoryWatcher:: Triggered with /home/lucas/.cache/typescript/4.6/node_modules/@types/uuid/index.d.mts 2:: WatchInfo: /home/lucas/.cache/typescript/4.6/node_modules 1 undefined Project: /dev/null/inferredProject1* WatchType: Failed Lookup Locations
Info 283  [16:17:02.818] Elapsed:: 0.031089000054635108ms DirectoryWatcher:: Triggered with /home/lucas/.cache/typescript/4.6/node_modules/@types/uuid/index.d.mts 2:: WatchInfo: /home/lucas/.cache/typescript/4.6/node_modules 1 undefined Project: /dev/null/inferredProject1* WatchType: Failed Lookup Locations
Info 284  [16:17:02.819] DirectoryWatcher:: Triggered with /home/lucas/.cache/typescript/4.6/node_modules/@types/uuid/index.d.ts 3:: WatchInfo: /home/lucas/.cache/typescript/4.6/node_modules 1 undefined Project: /dev/null/inferredProject1* WatchType: Failed Lookup Locations
Info 285  [16:17:02.819] Elapsed:: 0.4502680000150576ms DirectoryWatcher:: Triggered with /home/lucas/.cache/typescript/4.6/node_modules/@types/uuid/index.d.ts 3:: WatchInfo: /home/lucas/.cache/typescript/4.6/node_modules 1 undefined Project: /dev/null/inferredProject1* WatchType: Failed Lookup Locations
Info 286  [16:17:02.819] DirectoryWatcher:: Triggered with /home/lucas/.cache/typescript/4.6/node_modules/@types/uuid/package.json 4:: WatchInfo: /home/lucas/.cache/typescript/4.6/node_modules 1 undefined Project: /dev/null/inferredProject1* WatchType: Failed Lookup Locations
Info 287  [16:17:02.819] Elapsed:: 0.12971200002357364ms DirectoryWatcher:: Triggered with /home/lucas/.cache/typescript/4.6/node_modules/@types/uuid/package.json 4:: WatchInfo: /home/lucas/.cache/typescript/4.6/node_modules 1 undefined Project: /dev/null/inferredProject1* WatchType: Failed Lookup Locations
Info 288  [16:17:02.819] DirectoryWatcher:: Triggered with /home/lucas/.cache/typescript/4.6/node_modules/@types/express-session/LICENSE 5:: WatchInfo: /home/lucas/.cache/typescript/4.6/node_modules 1 undefined Project: /dev/null/inferredProject1* WatchType: Failed Lookup Locations
Info 289  [16:17:02.819] Elapsed:: 0.03274499997496605ms DirectoryWatcher:: Triggered with /home/lucas/.cache/typescript/4.6/node_modules/@types/express-session/LICENSE 5:: WatchInfo: /home/lucas/.cache/typescript/4.6/node_modules 1 undefined Project: /dev/null/inferredProject1* WatchType: Failed Lookup Locations
Info 290  [16:17:02.820] DirectoryWatcher:: Triggered with /home/lucas/.cache/typescript/4.6/node_modules/@types/express-session/README.md 6:: WatchInfo: /home/lucas/.cache/typescript/4.6/node_modules 1 undefined Project: /dev/null/inferredProject1* WatchType: Failed Lookup Locations
Info 291  [16:17:02.820] Elapsed:: 0.030700000002980232ms DirectoryWatcher:: Triggered with /home/lucas/.cache/typescript/4.6/node_modules/@types/express-session/README.md 6:: WatchInfo: /home/lucas/.cache/typescript/4.6/node_modules 1 undefined Project: /dev/null/inferredProject1* WatchType: Failed Lookup Locations
Info 292  [16:17:02.820] DirectoryWatcher:: Triggered with /home/lucas/.cache/typescript/4.6/node_modules/@types/express-session/index.d.ts 7:: WatchInfo: /home/lucas/.cache/typescript/4.6/node_modules 1 undefined Project: /dev/null/inferredProject1* WatchType: Failed Lookup Locations
Info 293  [16:17:02.820] Elapsed:: 0.11361999996006489ms DirectoryWatcher:: Triggered with /home/lucas/.cache/typescript/4.6/node_modules/@types/express-session/index.d.ts 7:: WatchInfo: /home/lucas/.cache/typescript/4.6/node_modules 1 undefined Project: /dev/null/inferredProject1* WatchType: Failed Lookup Locations
Info 294  [16:17:02.820] DirectoryWatcher:: Triggered with /home/lucas/.cache/typescript/4.6/node_modules/@types/express-session/package.json 8:: WatchInfo: /home/lucas/.cache/typescript/4.6/node_modules 1 undefined Project: /dev/null/inferredProject1* WatchType: Failed Lookup Locations
Info 295  [16:17:02.820] Elapsed:: 0.11997300002258271ms DirectoryWatcher:: Triggered with /home/lucas/.cache/typescript/4.6/node_modules/@types/express-session/package.json 8:: WatchInfo: /home/lucas/.cache/typescript/4.6/node_modules 1 undefined Project: /dev/null/inferredProject1* WatchType: Failed Lookup Locations
Info 296  [16:17:02.820] DirectoryWatcher:: Triggered with /home/lucas/.cache/typescript/4.6/node_modules/@types/bcrypt/LICENSE 9:: WatchInfo: /home/lucas/.cache/typescript/4.6/node_modules 1 undefined Project: /dev/null/inferredProject1* WatchType: Failed Lookup Locations
Info 297  [16:17:02.820] Elapsed:: 0.04569699999410659ms DirectoryWatcher:: Triggered with /home/lucas/.cache/typescript/4.6/node_modules/@types/bcrypt/LICENSE 9:: WatchInfo: /home/lucas/.cache/typescript/4.6/node_modules 1 undefined Project: /dev/null/inferredProject1* WatchType: Failed Lookup Locations
Info 298  [16:17:02.820] DirectoryWatcher:: Triggered with /home/lucas/.cache/typescript/4.6/node_modules/@types/bcrypt/README.md 10:: WatchInfo: /home/lucas/.cache/typescript/4.6/node_modules 1 undefined Project: /dev/null/inferredProject1* WatchType: Failed Lookup Locations
Info 299  [16:17:02.820] Elapsed:: 0.03018800006248057ms DirectoryWatcher:: Triggered with /home/lucas/.cache/typescript/4.6/node_modules/@types/bcrypt/README.md 10:: WatchInfo: /home/lucas/.cache/typescript/4.6/node_modules 1 undefined Project: /dev/null/inferredProject1* WatchType: Failed Lookup Locations
Info 300  [16:17:02.821] DirectoryWatcher:: Triggered with /home/lucas/.cache/typescript/4.6/node_modules/@types/bcrypt/index.d.ts 11:: WatchInfo: /home/lucas/.cache/typescript/4.6/node_modules 1 undefined Project: /dev/null/inferredProject1* WatchType: Failed Lookup Locations
Info 301  [16:17:02.821] Elapsed:: 0.1265140000032261ms DirectoryWatcher:: Triggered with /home/lucas/.cache/typescript/4.6/node_modules/@types/bcrypt/index.d.ts 11:: WatchInfo: /home/lucas/.cache/typescript/4.6/node_modules 1 undefined Project: /dev/null/inferredProject1* WatchType: Failed Lookup Locations
Info 302  [16:17:02.821] DirectoryWatcher:: Triggered with /home/lucas/.cache/typescript/4.6/node_modules/@types/bcrypt/package.json 12:: WatchInfo: /home/lucas/.cache/typescript/4.6/node_modules 1 undefined Project: /dev/null/inferredProject1* WatchType: Failed Lookup Locations
Info 303  [16:17:02.821] Elapsed:: 0.10536899999715388ms DirectoryWatcher:: Triggered with /home/lucas/.cache/typescript/4.6/node_modules/@types/bcrypt/package.json 12:: WatchInfo: /home/lucas/.cache/typescript/4.6/node_modules 1 undefined Project: /dev/null/inferredProject1* WatchType: Failed Lookup Locations
Info 304  [16:17:02.821] DirectoryWatcher:: Triggered with /home/lucas/.cache/typescript/4.6/node_modules/@types/uuid/LICENSE 0:: WatchInfo: /home/lucas/.cache/typescript/4.6/node_modules 1 undefined Project: /dev/null/inferredProject2* WatchType: Failed Lookup Locations
Info 305  [16:17:02.821] Elapsed:: 0.0324800000526011ms DirectoryWatcher:: Triggered with /home/lucas/.cache/typescript/4.6/node_modules/@types/uuid/LICENSE 0:: WatchInfo: /home/lucas/.cache/typescript/4.6/node_modules 1 undefined Project: /dev/null/inferredProject2* WatchType: Failed Lookup Locations
Info 306  [16:17:02.821] DirectoryWatcher:: Triggered with /home/lucas/.cache/typescript/4.6/node_modules/@types/uuid/README.md 1:: WatchInfo: /home/lucas/.cache/typescript/4.6/node_modules 1 undefined Project: /dev/null/inferredProject2* WatchType: Failed Lookup Locations
Info 307  [16:17:02.821] Elapsed:: 0.029223000048659742ms DirectoryWatcher:: Triggered with /home/lucas/.cache/typescript/4.6/node_modules/@types/uuid/README.md 1:: WatchInfo: /home/lucas/.cache/typescript/4.6/node_modules 1 undefined Project: /dev/null/inferredProject2* WatchType: Failed Lookup Locations
Info 308  [16:17:02.821] DirectoryWatcher:: Triggered with /home/lucas/.cache/typescript/4.6/node_modules/@types/uuid/index.d.mts 2:: WatchInfo: /home/lucas/.cache/typescript/4.6/node_modules 1 undefined Project: /dev/null/inferredProject2* WatchType: Failed Lookup Locations
Info 309  [16:17:02.822] Elapsed:: 0.29010300000663847ms DirectoryWatcher:: Triggered with /home/lucas/.cache/typescript/4.6/node_modules/@types/uuid/index.d.mts 2:: WatchInfo: /home/lucas/.cache/typescript/4.6/node_modules 1 undefined Project: /dev/null/inferredProject2* WatchType: Failed Lookup Locations
Info 310  [16:17:02.822] DirectoryWatcher:: Triggered with /home/lucas/.cache/typescript/4.6/node_modules/@types/uuid/index.d.ts 3:: WatchInfo: /home/lucas/.cache/typescript/4.6/node_modules 1 undefined Project: /dev/null/inferredProject2* WatchType: Failed Lookup Locations
Info 311  [16:17:02.822] Elapsed:: 0.1432689999928698ms DirectoryWatcher:: Triggered with /home/lucas/.cache/typescript/4.6/node_modules/@types/uuid/index.d.ts 3:: WatchInfo: /home/lucas/.cache/typescript/4.6/node_modules 1 undefined Project: /dev/null/inferredProject2* WatchType: Failed Lookup Locations
Info 312  [16:17:02.822] DirectoryWatcher:: Triggered with /home/lucas/.cache/typescript/4.6/node_modules/@types/uuid/package.json 4:: WatchInfo: /home/lucas/.cache/typescript/4.6/node_modules 1 undefined Project: /dev/null/inferredProject2* WatchType: Failed Lookup Locations
Info 313  [16:17:02.822] Elapsed:: 0.0876200000056997ms DirectoryWatcher:: Triggered with /home/lucas/.cache/typescript/4.6/node_modules/@types/uuid/package.json 4:: WatchInfo: /home/lucas/.cache/typescript/4.6/node_modules 1 undefined Project: /dev/null/inferredProject2* WatchType: Failed Lookup Locations
Info 314  [16:17:02.822] DirectoryWatcher:: Triggered with /home/lucas/.cache/typescript/4.6/node_modules/@types/express-session/LICENSE 5:: WatchInfo: /home/lucas/.cache/typescript/4.6/node_modules 1 undefined Project: /dev/null/inferredProject2* WatchType: Failed Lookup Locations
Info 315  [16:17:02.822] Elapsed:: 0.03264900005888194ms DirectoryWatcher:: Triggered with /home/lucas/.cache/typescript/4.6/node_modules/@types/express-session/LICENSE 5:: WatchInfo: /home/lucas/.cache/typescript/4.6/node_modules 1 undefined Project: /dev/null/inferredProject2* WatchType: Failed Lookup Locations
Info 316  [16:17:02.822] DirectoryWatcher:: Triggered with /home/lucas/.cache/typescript/4.6/node_modules/@types/express-session/README.md 6:: WatchInfo: /home/lucas/.cache/typescript/4.6/node_modules 1 undefined Project: /dev/null/inferredProject2* WatchType: Failed Lookup Locations
Info 317  [16:17:02.822] Elapsed:: 0.026483000023290515ms DirectoryWatcher:: Triggered with /home/lucas/.cache/typescript/4.6/node_modules/@types/express-session/README.md 6:: WatchInfo: /home/lucas/.cache/typescript/4.6/node_modules 1 undefined Project: /dev/null/inferredProject2* WatchType: Failed Lookup Locations
Info 318  [16:17:02.822] DirectoryWatcher:: Triggered with /home/lucas/.cache/typescript/4.6/node_modules/@types/express-session/index.d.ts 7:: WatchInfo: /home/lucas/.cache/typescript/4.6/node_modules 1 undefined Project: /dev/null/inferredProject2* WatchType: Failed Lookup Locations
Info 319  [16:17:02.823] Elapsed:: 0.07605000003241003ms DirectoryWatcher:: Triggered with /home/lucas/.cache/typescript/4.6/node_modules/@types/express-session/index.d.ts 7:: WatchInfo: /home/lucas/.cache/typescript/4.6/node_modules 1 undefined Project: /dev/null/inferredProject2* WatchType: Failed Lookup Locations
Info 320  [16:17:02.823] DirectoryWatcher:: Triggered with /home/lucas/.cache/typescript/4.6/node_modules/@types/express-session/package.json 8:: WatchInfo: /home/lucas/.cache/typescript/4.6/node_modules 1 undefined Project: /dev/null/inferredProject2* WatchType: Failed Lookup Locations
Info 321  [16:17:02.823] Elapsed:: 0.07809299998916686ms DirectoryWatcher:: Triggered with /home/lucas/.cache/typescript/4.6/node_modules/@types/express-session/package.json 8:: WatchInfo: /home/lucas/.cache/typescript/4.6/node_modules 1 undefined Project: /dev/null/inferredProject2* WatchType: Failed Lookup Locations
Info 322  [16:17:02.823] DirectoryWatcher:: Triggered with /home/lucas/.cache/typescript/4.6/node_modules/@types/bcrypt/LICENSE 9:: WatchInfo: /home/lucas/.cache/typescript/4.6/node_modules 1 undefined Project: /dev/null/inferredProject2* WatchType: Failed Lookup Locations
Info 323  [16:17:02.823] Elapsed:: 0.026689999969676137ms DirectoryWatcher:: Triggered with /home/lucas/.cache/typescript/4.6/node_modules/@types/bcrypt/LICENSE 9:: WatchInfo: /home/lucas/.cache/typescript/4.6/node_modules 1 undefined Project: /dev/null/inferredProject2* WatchType: Failed Lookup Locations
Info 324  [16:17:02.823] DirectoryWatcher:: Triggered with /home/lucas/.cache/typescript/4.6/node_modules/@types/bcrypt/README.md 10:: WatchInfo: /home/lucas/.cache/typescript/4.6/node_modules 1 undefined Project: /dev/null/inferredProject2* WatchType: Failed Lookup Locations
Info 325  [16:17:02.823] Elapsed:: 0.04968299996107817ms DirectoryWatcher:: Triggered with /home/lucas/.cache/typescript/4.6/node_modules/@types/bcrypt/README.md 10:: WatchInfo: /home/lucas/.cache/typescript/4.6/node_modules 1 undefined Project: /dev/null/inferredProject2* WatchType: Failed Lookup Locations
Info 326  [16:17:02.823] DirectoryWatcher:: Triggered with /home/lucas/.cache/typescript/4.6/node_modules/@types/bcrypt/index.d.ts 11:: WatchInfo: /home/lucas/.cache/typescript/4.6/node_modules 1 undefined Project: /dev/null/inferredProject2* WatchType: Failed Lookup Locations
Info 327  [16:17:02.823] Elapsed:: 0.08184800005983561ms DirectoryWatcher:: Triggered with /home/lucas/.cache/typescript/4.6/node_modules/@types/bcrypt/index.d.ts 11:: WatchInfo: /home/lucas/.cache/typescript/4.6/node_modules 1 undefined Project: /dev/null/inferredProject2* WatchType: Failed Lookup Locations
Info 328  [16:17:02.823] DirectoryWatcher:: Triggered with /home/lucas/.cache/typescript/4.6/node_modules/@types/bcrypt/package.json 12:: WatchInfo: /home/lucas/.cache/typescript/4.6/node_modules 1 undefined Project: /dev/null/inferredProject2* WatchType: Failed Lookup Locations
Info 329  [16:17:02.823] Elapsed:: 0.06870900001376867ms DirectoryWatcher:: Triggered with /home/lucas/.cache/typescript/4.6/node_modules/@types/bcrypt/package.json 12:: WatchInfo: /home/lucas/.cache/typescript/4.6/node_modules 1 undefined Project: /dev/null/inferredProject2* WatchType: Failed Lookup Locations
Info 330  [16:17:02.823] DirectoryWatcher:: Triggered with /home/lucas/.cache/typescript/4.6/node_modules/@types/uuid/LICENSE 0:: WatchInfo: /home/lucas/.cache/typescript/4.6/node_modules 1 undefined Project: /dev/null/inferredProject3* WatchType: Failed Lookup Locations
Info 331  [16:17:02.824] Elapsed:: 0.02857900003436953ms DirectoryWatcher:: Triggered with /home/lucas/.cache/typescript/4.6/node_modules/@types/uuid/LICENSE 0:: WatchInfo: /home/lucas/.cache/typescript/4.6/node_modules 1 undefined Project: /dev/null/inferredProject3* WatchType: Failed Lookup Locations
Info 332  [16:17:02.824] DirectoryWatcher:: Triggered with /home/lucas/.cache/typescript/4.6/node_modules/@types/uuid/README.md 1:: WatchInfo: /home/lucas/.cache/typescript/4.6/node_modules 1 undefined Project: /dev/null/inferredProject3* WatchType: Failed Lookup Locations
Info 333  [16:17:02.824] Elapsed:: 0.024704999988898635ms DirectoryWatcher:: Triggered with /home/lucas/.cache/typescript/4.6/node_modules/@types/uuid/README.md 1:: WatchInfo: /home/lucas/.cache/typescript/4.6/node_modules 1 undefined Project: /dev/null/inferredProject3* WatchType: Failed Lookup Locations
Info 334  [16:17:02.824] DirectoryWatcher:: Triggered with /home/lucas/.cache/typescript/4.6/node_modules/@types/uuid/index.d.mts 2:: WatchInfo: /home/lucas/.cache/typescript/4.6/node_modules 1 undefined Project: /dev/null/inferredProject3* WatchType: Failed Lookup Locations
Info 335  [16:17:02.824] Elapsed:: 0.026002999977208674ms DirectoryWatcher:: Triggered with /home/lucas/.cache/typescript/4.6/node_modules/@types/uuid/index.d.mts 2:: WatchInfo: /home/lucas/.cache/typescript/4.6/node_modules 1 undefined Project: /dev/null/inferredProject3* WatchType: Failed Lookup Locations
Info 336  [16:17:02.824] DirectoryWatcher:: Triggered with /home/lucas/.cache/typescript/4.6/node_modules/@types/uuid/index.d.ts 3:: WatchInfo: /home/lucas/.cache/typescript/4.6/node_modules 1 undefined Project: /dev/null/inferredProject3* WatchType: Failed Lookup Locations
Info 337  [16:17:02.824] Elapsed:: 0.062356999958865345ms DirectoryWatcher:: Triggered with /home/lucas/.cache/typescript/4.6/node_modules/@types/uuid/index.d.ts 3:: WatchInfo: /home/lucas/.cache/typescript/4.6/node_modules 1 undefined Project: /dev/null/inferredProject3* WatchType: Failed Lookup Locations
Info 338  [16:17:02.824] DirectoryWatcher:: Triggered with /home/lucas/.cache/typescript/4.6/node_modules/@types/uuid/package.json 4:: WatchInfo: /home/lucas/.cache/typescript/4.6/node_modules 1 undefined Project: /dev/null/inferredProject3* WatchType: Failed Lookup Locations
Info 339  [16:17:02.824] Elapsed:: 0.06912899995222688ms DirectoryWatcher:: Triggered with /home/lucas/.cache/typescript/4.6/node_modules/@types/uuid/package.json 4:: WatchInfo: /home/lucas/.cache/typescript/4.6/node_modules 1 undefined Project: /dev/null/inferredProject3* WatchType: Failed Lookup Locations
Info 340  [16:17:02.824] DirectoryWatcher:: Triggered with /home/lucas/.cache/typescript/4.6/node_modules/@types/express-session/LICENSE 5:: WatchInfo: /home/lucas/.cache/typescript/4.6/node_modules 1 undefined Project: /dev/null/inferredProject3* WatchType: Failed Lookup Locations
Info 341  [16:17:02.824] Elapsed:: 0.02967499999795109ms DirectoryWatcher:: Triggered with /home/lucas/.cache/typescript/4.6/node_modules/@types/express-session/LICENSE 5:: WatchInfo: /home/lucas/.cache/typescript/4.6/node_modules 1 undefined Project: /dev/null/inferredProject3* WatchType: Failed Lookup Locations
Info 342  [16:17:02.824] DirectoryWatcher:: Triggered with /home/lucas/.cache/typescript/4.6/node_modules/@types/express-session/README.md 6:: WatchInfo: /home/lucas/.cache/typescript/4.6/node_modules 1 undefined Project: /dev/null/inferredProject3* WatchType: Failed Lookup Locations
Info 343  [16:17:02.824] Elapsed:: 0.02545700001064688ms DirectoryWatcher:: Triggered with /home/lucas/.cache/typescript/4.6/node_modules/@types/express-session/README.md 6:: WatchInfo: /home/lucas/.cache/typescript/4.6/node_modules 1 undefined Project: /dev/null/inferredProject3* WatchType: Failed Lookup Locations
Info 344  [16:17:02.824] DirectoryWatcher:: Triggered with /home/lucas/.cache/typescript/4.6/node_modules/@types/express-session/index.d.ts 7:: WatchInfo: /home/lucas/.cache/typescript/4.6/node_modules 1 undefined Project: /dev/null/inferredProject3* WatchType: Failed Lookup Locations
Info 345  [16:17:02.825] Elapsed:: 0.061593999969772995ms DirectoryWatcher:: Triggered with /home/lucas/.cache/typescript/4.6/node_modules/@types/express-session/index.d.ts 7:: WatchInfo: /home/lucas/.cache/typescript/4.6/node_modules 1 undefined Project: /dev/null/inferredProject3* WatchType: Failed Lookup Locations
Info 346  [16:17:02.825] DirectoryWatcher:: Triggered with /home/lucas/.cache/typescript/4.6/node_modules/@types/express-session/package.json 8:: WatchInfo: /home/lucas/.cache/typescript/4.6/node_modules 1 undefined Project: /dev/null/inferredProject3* WatchType: Failed Lookup Locations
Info 347  [16:17:02.825] Elapsed:: 0.06863799993880093ms DirectoryWatcher:: Triggered with /home/lucas/.cache/typescript/4.6/node_modules/@types/express-session/package.json 8:: WatchInfo: /home/lucas/.cache/typescript/4.6/node_modules 1 undefined Project: /dev/null/inferredProject3* WatchType: Failed Lookup Locations
Info 348  [16:17:02.825] DirectoryWatcher:: Triggered with /home/lucas/.cache/typescript/4.6/node_modules/@types/bcrypt/LICENSE 9:: WatchInfo: /home/lucas/.cache/typescript/4.6/node_modules 1 undefined Project: /dev/null/inferredProject3* WatchType: Failed Lookup Locations
Info 349  [16:17:02.825] Elapsed:: 0.025773000088520348ms DirectoryWatcher:: Triggered with /home/lucas/.cache/typescript/4.6/node_modules/@types/bcrypt/LICENSE 9:: WatchInfo: /home/lucas/.cache/typescript/4.6/node_modules 1 undefined Project: /dev/null/inferredProject3* WatchType: Failed Lookup Locations
Info 350  [16:17:02.825] DirectoryWatcher:: Triggered with /home/lucas/.cache/typescript/4.6/node_modules/@types/bcrypt/README.md 10:: WatchInfo: /home/lucas/.cache/typescript/4.6/node_modules 1 undefined Project: /dev/null/inferredProject3* WatchType: Failed Lookup Locations
Info 351  [16:17:02.825] Elapsed:: 0.02560799999628216ms DirectoryWatcher:: Triggered with /home/lucas/.cache/typescript/4.6/node_modules/@types/bcrypt/README.md 10:: WatchInfo: /home/lucas/.cache/typescript/4.6/node_modules 1 undefined Project: /dev/null/inferredProject3* WatchType: Failed Lookup Locations
Info 352  [16:17:02.825] DirectoryWatcher:: Triggered with /home/lucas/.cache/typescript/4.6/node_modules/@types/bcrypt/index.d.ts 11:: WatchInfo: /home/lucas/.cache/typescript/4.6/node_modules 1 undefined Project: /dev/null/inferredProject3* WatchType: Failed Lookup Locations
Info 353  [16:17:02.825] Elapsed:: 0.238939999951981ms DirectoryWatcher:: Triggered with /home/lucas/.cache/typescript/4.6/node_modules/@types/bcrypt/index.d.ts 11:: WatchInfo: /home/lucas/.cache/typescript/4.6/node_modules 1 undefined Project: /dev/null/inferredProject3* WatchType: Failed Lookup Locations
Info 354  [16:17:02.826] DirectoryWatcher:: Triggered with /home/lucas/.cache/typescript/4.6/node_modules/@types/bcrypt/package.json 12:: WatchInfo: /home/lucas/.cache/typescript/4.6/node_modules 1 undefined Project: /dev/null/inferredProject3* WatchType: Failed Lookup Locations
Info 355  [16:17:02.826] Elapsed:: 0.260969000053592ms DirectoryWatcher:: Triggered with /home/lucas/.cache/typescript/4.6/node_modules/@types/bcrypt/package.json 12:: WatchInfo: /home/lucas/.cache/typescript/4.6/node_modules 1 undefined Project: /dev/null/inferredProject3* WatchType: Failed Lookup Locations
Info 356  [16:17:02.941] Starting updateGraphWorker: Project: /dev/null/inferredProject3*
Info 357  [16:17:03.023] Finishing updateGraphWorker: Project: /dev/null/inferredProject3* Version: 4 structureChanged: true structureIsReused:: SafeModules Elapsed: 81.57386600004975ms
Info 358  [16:17:03.023] Different program with same set of files
Info 359  [16:17:05.442] Before ensureProjectForOpenFiles:
Info 360  [16:17:05.443] After ensureProjectForOpenFiles:
Info 361  [16:17:05.443] got projects updated in background, updating diagnostics for /home/lucas/Documentos/laburo/simple-TODO/client/src/AppBar.js,/home/lucas/Documentos/laburo/simple-TODO/src/server.js,/home/lucas/Documentos/laburo/simple-TODO/server/server.js
Info 362  [16:17:11.405] Starting updateGraphWorker: Project: /dev/null/inferredProject3*
Info 363  [16:17:11.423] Finishing updateGraphWorker: Project: /dev/null/inferredProject3* Version: 5 structureChanged: false structureIsReused:: Completely Elapsed: 17.663440999924205ms
Info 364  [16:17:11.423] Different program with same set of files
Info 365  [16:17:15.729] Starting updateGraphWorker: Project: /dev/null/inferredProject3*
Info 366  [16:17:15.744] Finishing updateGraphWorker: Project: /dev/null/inferredProject3* Version: 6 structureChanged: false structureIsReused:: Completely Elapsed: 14.669906000024639ms
Info 367  [16:17:15.744] Different program with same set of files
Info 368  [16:17:16.262] Starting updateGraphWorker: Project: /dev/null/inferredProject3*
Info 369  [16:17:16.275] Finishing updateGraphWorker: Project: /dev/null/inferredProject3* Version: 7 structureChanged: false structureIsReused:: Completely Elapsed: 13.204284999985248ms
Info 370  [16:17:16.275] Different program with same set of files
Info 371  [16:17:17.829] Starting updateGraphWorker: Project: /dev/null/inferredProject3*
Info 372  [16:17:17.845] Finishing updateGraphWorker: Project: /dev/null/inferredProject3* Version: 8 structureChanged: false structureIsReused:: Completely Elapsed: 15.726576999993995ms
Info 373  [16:17:17.845] Different program with same set of files
Info 374  [16:17:18.329] Starting updateGraphWorker: Project: /dev/null/inferredProject3*
Info 375  [16:17:18.344] Finishing updateGraphWorker: Project: /dev/null/inferredProject3* Version: 9 structureChanged: false structureIsReused:: Completely Elapsed: 14.923991999938153ms
Info 376  [16:17:18.344] Different program with same set of files
Info 377  [16:17:20.606] Starting updateGraphWorker: Project: /dev/null/inferredProject3*
Info 378  [16:17:20.613] Finishing updateGraphWorker: Project: /dev/null/inferredProject3* Version: 10 structureChanged: false structureIsReused:: Completely Elapsed: 7.562131999991834ms
Info 379  [16:17:20.614] Different program with same set of files
Info 380  [16:18:16.311] DirectoryWatcher:: Triggered with /home/lucas/Documentos/laburo/simple-TODO/api :: WatchInfo: /home/lucas/Documentos/laburo/simple-TODO/api 1 undefined Project: /dev/null/inferredProject2* WatchType: Failed Lookup Locations
Info 381  [16:18:16.311] Elapsed:: 0.07129999995231628ms DirectoryWatcher:: Triggered with /home/lucas/Documentos/laburo/simple-TODO/api :: WatchInfo: /home/lucas/Documentos/laburo/simple-TODO/api 1 undefined Project: /dev/null/inferredProject2* WatchType: Failed Lookup Locations
Info 382  [16:18:17.262] FileWatcher:: Triggered with /home/lucas/Documentos/laburo/simple-TODO/api/index.js 2:: WatchInfo: /home/lucas/Documentos/laburo/simple-TODO/api/index.js 500 undefined WatchType: Closed Script info
Info 383  [16:18:17.263] Elapsed:: 1.6537500000558794ms FileWatcher:: Triggered with /home/lucas/Documentos/laburo/simple-TODO/api/index.js 2:: WatchInfo: /home/lucas/Documentos/laburo/simple-TODO/api/index.js 500 undefined WatchType: Closed Script info
Info 384  [16:18:17.311] DirectoryWatcher:: Triggered with /home/lucas/Documentos/laburo/simple-TODO/api/index.js 0:: WatchInfo: /home/lucas/Documentos/laburo/simple-TODO/api 1 undefined Project: /dev/null/inferredProject2* WatchType: Failed Lookup Locations
Info 385  [16:18:17.312] Elapsed:: 0.21013500005938113ms DirectoryWatcher:: Triggered with /home/lucas/Documentos/laburo/simple-TODO/api/index.js 0:: WatchInfo: /home/lucas/Documentos/laburo/simple-TODO/api 1 undefined Project: /dev/null/inferredProject2* WatchType: Failed Lookup Locations
Info 386  [16:18:17.515] Starting updateGraphWorker: Project: /dev/null/inferredProject2*
Info 387  [16:18:17.634] Finishing updateGraphWorker: Project: /dev/null/inferredProject2* Version: 47 structureChanged: true structureIsReused:: Not Elapsed: 118.83584199997131ms
Info 388  [16:18:17.634] Project '/dev/null/inferredProject2*' (Inferred)
Info 389  [16:18:17.634] 	Files (105)

Info 390  [16:18:17.634] -----------------------------------------------
Info 391  [16:18:19.764] Before ensureProjectForOpenFiles:
Info 392  [16:18:19.764] After ensureProjectForOpenFiles:
Info 393  [16:18:19.765] got projects updated in background, updating diagnostics for /home/lucas/Documentos/laburo/simple-TODO/client/src/AppBar.js,/home/lucas/Documentos/laburo/simple-TODO/src/server.js,/home/lucas/Documentos/laburo/simple-TODO/server/server.js
Info 394  [16:18:36.312] DirectoryWatcher:: Triggered with /home/lucas/Documentos/laburo/simple-TODO/server/node_modules :: WatchInfo: /home/lucas/Documentos/laburo/simple-TODO/server/node_modules 1 undefined Project: /dev/null/inferredProject3* WatchType: Failed Lookup Locations
Info 395  [16:18:36.313] Elapsed:: 0.06276500003878027ms DirectoryWatcher:: Triggered with /home/lucas/Documentos/laburo/simple-TODO/server/node_modules :: WatchInfo: /home/lucas/Documentos/laburo/simple-TODO/server/node_modules 1 undefined Project: /dev/null/inferredProject3* WatchType: Failed Lookup Locations
Info 396  [16:18:36.313] DirectoryWatcher:: Triggered with /home/lucas/Documentos/laburo/simple-TODO/server/node_modules/@types :: WatchInfo: /home/lucas/Documentos/laburo/simple-TODO/server/node_modules/@types 1 undefined Project: /dev/null/inferredProject3* WatchType: Type roots
Info 397  [16:18:36.313] Elapsed:: 0.4591580000706017ms DirectoryWatcher:: Triggered with /home/lucas/Documentos/laburo/simple-TODO/server/node_modules/@types :: WatchInfo: /home/lucas/Documentos/laburo/simple-TODO/server/node_modules/@types 1 undefined Project: /dev/null/inferredProject3* WatchType: Type roots
Info 398  [16:18:36.564] Starting updateGraphWorker: Project: /dev/null/inferredProject3*
Info 399  [16:18:36.658] Finishing updateGraphWorker: Project: /dev/null/inferredProject3* Version: 11 structureChanged: true structureIsReused:: SafeModules Elapsed: 93.27726300002541ms
Info 400  [16:18:36.658] Different program with same set of files
Info 401  [16:18:39.065] Before ensureProjectForOpenFiles:
Info 402  [16:18:39.065] After ensureProjectForOpenFiles:
Info 403  [16:18:39.065] got projects updated in background, updating diagnostics for /home/lucas/Documentos/laburo/simple-TODO/client/src/AppBar.js,/home/lucas/Documentos/laburo/simple-TODO/src/server.js,/home/lucas/Documentos/laburo/simple-TODO/server/server.js
Info 404  [16:18:41.649] DirectoryWatcher:: Triggered with /home/lucas/Documentos/laburo/simple-TODO/server/node_modules :: WatchInfo: /home/lucas/Documentos/laburo/simple-TODO/server/node_modules 1 undefined Project: /dev/null/inferredProject3* WatchType: Failed Lookup Locations
Info 405  [16:18:41.649] Elapsed:: 0.031910000019706786ms DirectoryWatcher:: Triggered with /home/lucas/Documentos/laburo/simple-TODO/server/node_modules :: WatchInfo: /home/lucas/Documentos/laburo/simple-TODO/server/node_modules 1 undefined Project: /dev/null/inferredProject3* WatchType: Failed Lookup Locations
Info 406  [16:18:41.649] DirectoryWatcher:: Triggered with /home/lucas/Documentos/laburo/simple-TODO/server/node_modules/@types :: WatchInfo: /home/lucas/Documentos/laburo/simple-TODO/server/node_modules/@types 1 undefined Project: /dev/null/inferredProject3* WatchType: Type roots
Info 407  [16:18:41.649] Elapsed:: 0.11299300007522106ms DirectoryWatcher:: Triggered with /home/lucas/Documentos/laburo/simple-TODO/server/node_modules/@types :: WatchInfo: /home/lucas/Documentos/laburo/simple-TODO/server/node_modules/@types 1 undefined Project: /dev/null/inferredProject3* WatchType: Type roots
Info 408  [16:18:41.901] Starting updateGraphWorker: Project: /dev/null/inferredProject3*
Info 409  [16:18:42.025] Finishing updateGraphWorker: Project: /dev/null/inferredProject3* Version: 12 structureChanged: true structureIsReused:: SafeModules Elapsed: 123.62054700008593ms
Info 410  [16:18:42.025] Project '/dev/null/inferredProject3*' (Inferred)
Info 411  [16:18:42.025] 	Files (111)

Info 412  [16:18:42.025] -----------------------------------------------
Info 413  [16:18:42.025] Project '/dev/null/autoImportProviderProject2*' (AutoImportProvider)
Info 414  [16:18:42.025] 	Files (23)

Info 415  [16:18:42.025] -----------------------------------------------
Info 416  [16:18:42.427] Starting updateGraphWorker: Project: /dev/null/inferredProject3*
Info 417  [16:18:42.968] Finishing updateGraphWorker: Project: /dev/null/inferredProject3* Version: 13 structureChanged: true structureIsReused:: Not Elapsed: 540.0164570000488ms
Info 418  [16:18:42.968] Project '/dev/null/inferredProject3*' (Inferred)
Info 419  [16:18:42.968] 	Files (126)

Info 420  [16:18:42.968] -----------------------------------------------
Info 421  [16:18:42.968] Project '/dev/null/autoImportProviderProject2*' (AutoImportProvider)
Info 422  [16:18:42.968] 	Files (23)

Info 423  [16:18:42.968] -----------------------------------------------
Info 424  [16:18:43.983] DirectoryWatcher:: Triggered with /home/lucas/Documentos/laburo/simple-TODO/server/node_modules :: WatchInfo: /home/lucas/Documentos/laburo/simple-TODO/server/node_modules 1 undefined Project: /dev/null/inferredProject3* WatchType: Failed Lookup Locations
Info 425  [16:18:43.984] Elapsed:: 0.06032499996945262ms DirectoryWatcher:: Triggered with /home/lucas/Documentos/laburo/simple-TODO/server/node_modules :: WatchInfo: /home/lucas/Documentos/laburo/simple-TODO/server/node_modules 1 undefined Project: /dev/null/inferredProject3* WatchType: Failed Lookup Locations
Info 426  [16:18:43.984] DirectoryWatcher:: Triggered with /home/lucas/Documentos/laburo/simple-TODO/server/node_modules :: WatchInfo: /home/lucas/Documentos/laburo/simple-TODO/server/node_modules 1 undefined WatchType: node_modules for closed script infos and package.jsons affecting module specifier cache
Info 427  [16:18:43.986] Elapsed:: 1.7488600000506267ms DirectoryWatcher:: Triggered with /home/lucas/Documentos/laburo/simple-TODO/server/node_modules :: WatchInfo: /home/lucas/Documentos/laburo/simple-TODO/server/node_modules 1 undefined WatchType: node_modules for closed script infos and package.jsons affecting module specifier cache
Info 428  [16:18:44.677] Before ensureProjectForOpenFiles:
Info 429  [16:18:44.679] Starting updateGraphWorker: Project: /dev/null/inferredProject3*
Info 430  [16:18:44.754] Finishing updateGraphWorker: Project: /dev/null/inferredProject3* Version: 14 structureChanged: true structureIsReused:: SafeModules Elapsed: 74.8442619999405ms
Info 431  [16:18:44.754] Different program with same set of files
Info 432  [16:18:44.754] After ensureProjectForOpenFiles:
Info 433  [16:18:44.754] got projects updated in background, updating diagnostics for /home/lucas/Documentos/laburo/simple-TODO/client/src/AppBar.js,/home/lucas/Documentos/laburo/simple-TODO/src/server.js,/home/lucas/Documentos/laburo/simple-TODO/server/server.js
Info 434  [16:18:45.343] DirectoryWatcher:: Triggered with /home/lucas/Documentos/laburo/simple-TODO/server/node_modules/bcrypt/lib/binding/napi-v3/bcrypt_lib.node 0:: WatchInfo: /home/lucas/Documentos/laburo/simple-TODO/server/node_modules 1 undefined Project: /dev/null/inferredProject3* WatchType: Failed Lookup Locations
Info 435  [16:18:45.343] Elapsed:: 0.05690099997445941ms DirectoryWatcher:: Triggered with /home/lucas/Documentos/laburo/simple-TODO/server/node_modules/bcrypt/lib/binding/napi-v3/bcrypt_lib.node 0:: WatchInfo: /home/lucas/Documentos/laburo/simple-TODO/server/node_modules 1 undefined Project: /dev/null/inferredProject3* WatchType: Failed Lookup Locations
Info 436  [16:18:45.343] DirectoryWatcher:: Triggered with /home/lucas/Documentos/laburo/simple-TODO/server/node_modules/bcrypt/lib/binding/napi-v3/bcrypt_lib.node 0:: WatchInfo: /home/lucas/Documentos/laburo/simple-TODO/server/node_modules 1 undefined WatchType: node_modules for closed script infos and package.jsons affecting module specifier cache
Info 437  [16:18:45.343] Elapsed:: 0.035545999999158084ms DirectoryWatcher:: Triggered with /home/lucas/Documentos/laburo/simple-TODO/server/node_modules/bcrypt/lib/binding/napi-v3/bcrypt_lib.node 0:: WatchInfo: /home/lucas/Documentos/laburo/simple-TODO/server/node_modules 1 undefined WatchType: node_modules for closed script infos and package.jsons affecting module specifier cache
Info 438  [16:18:47.179] Before ensureProjectForOpenFiles:
Info 439  [16:18:47.179] After ensureProjectForOpenFiles:
Info 440  [16:18:47.179] got projects updated in background, updating diagnostics for /home/lucas/Documentos/laburo/simple-TODO/client/src/AppBar.js,/home/lucas/Documentos/laburo/simple-TODO/src/server.js,/home/lucas/Documentos/laburo/simple-TODO/server/server.js
Info 441  [16:19:01.208] Starting updateGraphWorker: Project: /dev/null/inferredProject3*
Info 442  [16:19:01.942] Finishing updateGraphWorker: Project: /dev/null/inferredProject3* Version: 15 structureChanged: true structureIsReused:: Not Elapsed: 733.952517000027ms
Info 443  [16:19:01.942] Project '/dev/null/inferredProject3*' (Inferred)
Info 444  [16:19:01.942] 	Files (177)

Info 445  [16:19:01.943] -----------------------------------------------
Info 446  [16:19:01.943] Project '/dev/null/autoImportProviderProject2*' (AutoImportProvider)
Info 447  [16:19:01.943] 	Files (23)

Info 448  [16:19:01.943] -----------------------------------------------
Info 449  [16:19:01.955] DirectoryWatcher:: Triggered with /home/lucas/Documentos/laburo/simple-TODO/server/node_modules :: WatchInfo: /home/lucas/Documentos/laburo/simple-TODO/server/node_modules 1 undefined Project: /dev/null/inferredProject3* WatchType: Failed Lookup Locations
Info 450  [16:19:01.955] Elapsed:: 0.03377300000283867ms DirectoryWatcher:: Triggered with /home/lucas/Documentos/laburo/simple-TODO/server/node_modules :: WatchInfo: /home/lucas/Documentos/laburo/simple-TODO/server/node_modules 1 undefined Project: /dev/null/inferredProject3* WatchType: Failed Lookup Locations
Info 451  [16:19:01.955] DirectoryWatcher:: Triggered with /home/lucas/Documentos/laburo/simple-TODO/server/node_modules :: WatchInfo: /home/lucas/Documentos/laburo/simple-TODO/server/node_modules 1 undefined WatchType: node_modules for closed script infos and package.jsons affecting module specifier cache
Info 452  [16:19:01.956] Elapsed:: 1.3725789999589324ms DirectoryWatcher:: Triggered with /home/lucas/Documentos/laburo/simple-TODO/server/node_modules :: WatchInfo: /home/lucas/Documentos/laburo/simple-TODO/server/node_modules 1 undefined WatchType: node_modules for closed script infos and package.jsons affecting module specifier cache
Info 453  [16:19:03.206] Starting updateGraphWorker: Project: /dev/null/inferredProject3*
Info 454  [16:19:03.356] Finishing updateGraphWorker: Project: /dev/null/inferredProject3* Version: 16 structureChanged: true structureIsReused:: SafeModules Elapsed: 149.32585200003814ms
Info 455  [16:19:03.356] Different program with same set of files
Info 456  [16:19:05.458] Before ensureProjectForOpenFiles:
Info 457  [16:19:05.458] After ensureProjectForOpenFiles:
Info 458  [16:19:05.458] got projects updated in background, updating diagnostics for /home/lucas/Documentos/laburo/simple-TODO/client/src/AppBar.js,/home/lucas/Documentos/laburo/simple-TODO/src/server.js,/home/lucas/Documentos/laburo/simple-TODO/server/server.js
